<?xml version="1.0" encoding="UTF-8"?>
<testsuites name="ABC - Verify links" time="55.269" tests="1" failures="1" errors="0">
   <testsuite name="ABC - Verify links" tests="1" failures="1" errors="0" time="55.269" skipped="0" timestamp="2023-02-23 11:43:36" hostname="bobbysaputra - 192.168.2.178" id="Test Suites/ABC - Verify links">
      <properties>
         <property name="deviceName" value=""/>
         <property name="devicePlatform" value=""/>
         <property name="logFolder" value="/Users/bobbysaputra/git/katalon-raqn-demo/Reports/20230223_114330/ABC - Verify links/20230223_114330"/>
         <property name="logFiles" value="/Users/bobbysaputra/git/katalon-raqn-demo/Reports/20230223_114330/ABC - Verify links/20230223_114330/execution0.log"/>
         <property name="attachments" value="/Users/bobbysaputra/git/katalon-raqn-demo/Reports/20230223_114330/ABC - Verify links/20230223_114330/1677149023221.png"/>
         <property name="hostName" value="bobbysaputra - 192.168.2.178"/>
         <property name="os" value="Mac OS X 64bit"/>
         <property name="katalonVersion" value="8.5.5.208"/>
         <property name="browser" value="Chrome 107.0.0.0"/>
         <property name="hostAddress" value="192.168.2.178"/>
         <property name="sessionId" value="f178d3917a4af031c83925a570fc6a9e"/>
         <property name="seleniumVersion" value="3.141.59"/>
         <property name="proxyInformation" value="ProxyInformation { proxyOption=NO_PROXY, proxyServerType=HTTP, username=, password=********, proxyServerAddress=, proxyServerPort=0, executionList=&quot;&quot;, isApplyToDesiredCapabilities=true }"/>
         <property name="platform" value="Mac OS X"/>
      </properties>
      <testcase name="Test Cases/ABC/Verify Accesible Links" time="55.111" classname="Test Cases/ABC/Verify Accesible Links" status="FAILED">
         <failure type="FAILED" message="Test Cases/ABC/Verify Accesible Links FAILED.
Reason:
com.kms.katalon.core.exception.StepFailedException: Unable to verify all links on the page 'https://www.authenticbeautyconcept.pl/salony/atelier-stylissimo.html' are accessible
	at com.kms.katalon.core.webui.keyword.internal.WebUIKeywordMain.stepFailed(WebUIKeywordMain.groovy:64)
	at com.kms.katalon.core.webui.keyword.internal.WebUIKeywordMain.runKeyword(WebUIKeywordMain.groovy:26)
	at com.kms.katalon.core.webui.keyword.builtin.VerifyAllLinksOnCurrentPageAccessibleKeyword.verifyAllLinksOnCurrentPageAccessible(VerifyAllLinksOnCurrentPageAccessibleKeyword.groovy:48)
	at com.kms.katalon.core.webui.keyword.builtin.VerifyAllLinksOnCurrentPageAccessibleKeyword.execute(VerifyAllLinksOnCurrentPageAccessibleKeyword.groovy:32)
	at com.kms.katalon.core.keyword.internal.KeywordExecutor.executeKeywordForPlatform(KeywordExecutor.groovy:74)
	at com.kms.katalon.core.webui.keyword.WebUiBuiltInKeywords.verifyAllLinksOnCurrentPageAccessible(WebUiBuiltInKeywords.groovy:4840)
	at com.kms.katalon.core.webui.keyword.WebUiBuiltInKeywords$verifyAllLinksOnCurrentPageAccessible$1.call(Unknown Source)
	at Verify Accesible Links.run(Verify Accesible Links:27)
	at com.kms.katalon.core.main.ScriptEngine.run(ScriptEngine.java:194)
	at com.kms.katalon.core.main.ScriptEngine.runScriptAsRawText(ScriptEngine.java:119)
	at com.kms.katalon.core.main.TestCaseExecutor.runScript(TestCaseExecutor.java:448)
	at com.kms.katalon.core.main.TestCaseExecutor.doExecute(TestCaseExecutor.java:439)
	at com.kms.katalon.core.main.TestCaseExecutor.processExecutionPhase(TestCaseExecutor.java:418)
	at com.kms.katalon.core.main.TestCaseExecutor.accessMainPhase(TestCaseExecutor.java:410)
	at com.kms.katalon.core.main.TestCaseExecutor.execute(TestCaseExecutor.java:285)
	at com.kms.katalon.core.common.CommonExecutor.accessTestCaseMainPhase(CommonExecutor.java:65)
	at com.kms.katalon.core.main.TestSuiteExecutor.accessTestSuiteMainPhase(TestSuiteExecutor.java:151)
	at com.kms.katalon.core.main.TestSuiteExecutor.execute(TestSuiteExecutor.java:106)
	at com.kms.katalon.core.main.TestCaseMain.startTestSuite(TestCaseMain.java:185)
	at com.kms.katalon.core.main.TestCaseMain$startTestSuite$0.call(Unknown Source)
	at TempTestSuite1677149010678.run(TempTestSuite1677149010678.groovy:36)
Caused by: com.kms.katalon.core.exception.StepFailedException: Some of links on the current page are inaccessible
	at com.kms.katalon.core.webui.keyword.internal.WebUIKeywordMain.stepFailed(WebUIKeywordMain.groovy:64)
	at com.kms.katalon.core.webui.keyword.builtin.VerifyAllLinksOnCurrentPageAccessibleKeyword$_verifyAllLinksOnCurrentPageAccessible_closure1.doCall(VerifyAllLinksOnCurrentPageAccessibleKeyword.groovy:45)
	at com.kms.katalon.core.webui.keyword.builtin.VerifyAllLinksOnCurrentPageAccessibleKeyword$_verifyAllLinksOnCurrentPageAccessible_closure1.call(VerifyAllLinksOnCurrentPageAccessibleKeyword.groovy)
	at com.kms.katalon.core.webui.keyword.internal.WebUIKeywordMain.runKeyword(WebUIKeywordMain.groovy:20)
	... 19 more
"/>
         <system-out><![CDATA[2023-02-23 11:43:36 - [TEST_CASE][FAILED] - Test Cases/ABC/Verify Accesible Links: Test Cases/ABC/Verify Accesible Links FAILED.
Reason:
com.kms.katalon.core.exception.StepFailedException: Unable to verify all links on the page 'https://www.authenticbeautyconcept.pl/salony/atelier-stylissimo.html' are accessible
	at com.kms.katalon.core.webui.keyword.internal.WebUIKeywordMain.stepFailed(WebUIKeywordMain.groovy:64)
	at com.kms.katalon.core.webui.keyword.internal.WebUIKeywordMain.runKeyword(WebUIKeywordMain.groovy:26)
	at com.kms.katalon.core.webui.keyword.builtin.VerifyAllLinksOnCurrentPageAccessibleKeyword.verifyAllLinksOnCurrentPageAccessible(VerifyAllLinksOnCurrentPageAccessibleKeyword.groovy:48)
	at com.kms.katalon.core.webui.keyword.builtin.VerifyAllLinksOnCurrentPageAccessibleKeyword.execute(VerifyAllLinksOnCurrentPageAccessibleKeyword.groovy:32)
	at com.kms.katalon.core.keyword.internal.KeywordExecutor.executeKeywordForPlatform(KeywordExecutor.groovy:74)
	at com.kms.katalon.core.webui.keyword.WebUiBuiltInKeywords.verifyAllLinksOnCurrentPageAccessible(WebUiBuiltInKeywords.groovy:4840)
	at com.kms.katalon.core.webui.keyword.WebUiBuiltInKeywords$verifyAllLinksOnCurrentPageAccessible$1.call(Unknown Source)
	at Verify Accesible Links.run(Verify Accesible Links:27)
	at com.kms.katalon.core.main.ScriptEngine.run(ScriptEngine.java:194)
	at com.kms.katalon.core.main.ScriptEngine.runScriptAsRawText(ScriptEngine.java:119)
	at com.kms.katalon.core.main.TestCaseExecutor.runScript(TestCaseExecutor.java:448)
	at com.kms.katalon.core.main.TestCaseExecutor.doExecute(TestCaseExecutor.java:439)
	at com.kms.katalon.core.main.TestCaseExecutor.processExecutionPhase(TestCaseExecutor.java:418)
	at com.kms.katalon.core.main.TestCaseExecutor.accessMainPhase(TestCaseExecutor.java:410)
	at com.kms.katalon.core.main.TestCaseExecutor.execute(TestCaseExecutor.java:285)
	at com.kms.katalon.core.common.CommonExecutor.accessTestCaseMainPhase(CommonExecutor.java:65)
	at com.kms.katalon.core.main.TestSuiteExecutor.accessTestSuiteMainPhase(TestSuiteExecutor.java:151)
	at com.kms.katalon.core.main.TestSuiteExecutor.execute(TestSuiteExecutor.java:106)
	at com.kms.katalon.core.main.TestCaseMain.startTestSuite(TestCaseMain.java:185)
	at com.kms.katalon.core.main.TestCaseMain$startTestSuite$0.call(Unknown Source)
	at TempTestSuite1677149010678.run(TempTestSuite1677149010678.groovy:36)
Caused by: com.kms.katalon.core.exception.StepFailedException: Some of links on the current page are inaccessible
	at com.kms.katalon.core.webui.keyword.internal.WebUIKeywordMain.stepFailed(WebUIKeywordMain.groovy:64)
	at com.kms.katalon.core.webui.keyword.builtin.VerifyAllLinksOnCurrentPageAccessibleKeyword$_verifyAllLinksOnCurrentPageAccessible_closure1.doCall(VerifyAllLinksOnCurrentPageAccessibleKeyword.groovy:45)
	at com.kms.katalon.core.webui.keyword.builtin.VerifyAllLinksOnCurrentPageAccessibleKeyword$_verifyAllLinksOnCurrentPageAccessible_closure1.call(VerifyAllLinksOnCurrentPageAccessibleKeyword.groovy)
	at com.kms.katalon.core.webui.keyword.internal.WebUIKeywordMain.runKeyword(WebUIKeywordMain.groovy:20)
	... 19 more


2023-02-23 11:43:36 - [TEST_STEP][PASSED] - openBrowser("https://www.authenticbeautyconcept.pl/salony/atelier-stylissimo.html"): Browser is opened with url: 'https://www.authenticbeautyconcept.pl/salony/atelier-stylissimo.html'

2023-02-23 11:43:36 - [MESSAGE][INFO] - Starting 'Chrome' driver

2023-02-23 11:43:36 - [MESSAGE][INFO] - Action delay is set to 0 milliseconds

2023-02-23 11:43:42 - [MESSAGE][PASSED] - Browser is opened with url: 'https://www.authenticbeautyconcept.pl/salony/atelier-stylissimo.html'

2023-02-23 11:43:42 - [TEST_STEP][PASSED] - takeScreenshot(): Taking screenshot successfully

2023-02-23 11:43:43 - [MESSAGE][PASSED] - Taking screenshot successfully
[[ATTACHMENT|/Users/bobbysaputra/git/katalon-raqn-demo/Reports/20230223_114330/ABC - Verify links/20230223_114330/1677149023221.png]]

2023-02-23 11:43:43 - [TEST_STEP][FAILED] - verifyAllLinksOnCurrentPageAccessible(false, []): Unable to verify all links on the page 'https://www.authenticbeautyconcept.pl/salony/atelier-stylissimo.html' are accessible (Root cause: com.kms.katalon.core.exception.StepFailedException: Unable to verify all links on the page 'https://www.authenticbeautyconcept.pl/salony/atelier-stylissimo.html' are accessible
	at com.kms.katalon.core.webui.keyword.internal.WebUIKeywordMain.stepFailed(WebUIKeywordMain.groovy:64)
	at com.kms.katalon.core.webui.keyword.internal.WebUIKeywordMain.runKeyword(WebUIKeywordMain.groovy:26)
	at com.kms.katalon.core.webui.keyword.builtin.VerifyAllLinksOnCurrentPageAccessibleKeyword.verifyAllLinksOnCurrentPageAccessible(VerifyAllLinksOnCurrentPageAccessibleKeyword.groovy:48)
	at com.kms.katalon.core.webui.keyword.builtin.VerifyAllLinksOnCurrentPageAccessibleKeyword.execute(VerifyAllLinksOnCurrentPageAccessibleKeyword.groovy:32)
	at com.kms.katalon.core.keyword.internal.KeywordExecutor.executeKeywordForPlatform(KeywordExecutor.groovy:74)
	at com.kms.katalon.core.webui.keyword.WebUiBuiltInKeywords.verifyAllLinksOnCurrentPageAccessible(WebUiBuiltInKeywords.groovy:4840)
	at com.kms.katalon.core.webui.keyword.WebUiBuiltInKeywords$verifyAllLinksOnCurrentPageAccessible$1.call(Unknown Source)
	at Verify Accesible Links.run(Verify Accesible Links:27)
	at com.kms.katalon.core.main.ScriptEngine.run(ScriptEngine.java:194)
	at com.kms.katalon.core.main.ScriptEngine.runScriptAsRawText(ScriptEngine.java:119)
	at com.kms.katalon.core.main.TestCaseExecutor.runScript(TestCaseExecutor.java:448)
	at com.kms.katalon.core.main.TestCaseExecutor.doExecute(TestCaseExecutor.java:439)
	at com.kms.katalon.core.main.TestCaseExecutor.processExecutionPhase(TestCaseExecutor.java:418)
	at com.kms.katalon.core.main.TestCaseExecutor.accessMainPhase(TestCaseExecutor.java:410)
	at com.kms.katalon.core.main.TestCaseExecutor.execute(TestCaseExecutor.java:285)
	at com.kms.katalon.core.common.CommonExecutor.accessTestCaseMainPhase(CommonExecutor.java:65)
	at com.kms.katalon.core.main.TestSuiteExecutor.accessTestSuiteMainPhase(TestSuiteExecutor.java:151)
	at com.kms.katalon.core.main.TestSuiteExecutor.execute(TestSuiteExecutor.java:106)
	at com.kms.katalon.core.main.TestCaseMain.startTestSuite(TestCaseMain.java:185)
	at com.kms.katalon.core.main.TestCaseMain$startTestSuite$0.call(Unknown Source)
	at TempTestSuite1677149010678.run(TempTestSuite1677149010678.groovy:36)
Caused by: com.kms.katalon.core.exception.StepFailedException: Some of links on the current page are inaccessible
	at com.kms.katalon.core.webui.keyword.internal.WebUIKeywordMain.stepFailed(WebUIKeywordMain.groovy:64)
	at com.kms.katalon.core.webui.keyword.builtin.VerifyAllLinksOnCurrentPageAccessibleKeyword$_verifyAllLinksOnCurrentPageAccessible_closure1.doCall(VerifyAllLinksOnCurrentPageAccessibleKeyword.groovy:45)
	at com.kms.katalon.core.webui.keyword.builtin.VerifyAllLinksOnCurrentPageAccessibleKeyword$_verifyAllLinksOnCurrentPageAccessible_closure1.call(VerifyAllLinksOnCurrentPageAccessibleKeyword.groovy)
	at com.kms.katalon.core.webui.keyword.internal.WebUIKeywordMain.runKeyword(WebUIKeywordMain.groovy:20)
	... 19 more
)

2023-02-23 11:43:45 - [MESSAGE][PASSED] - Found 109 unique links on the page https://www.authenticbeautyconcept.pl/salony/atelier-stylissimo.html

2023-02-23 11:43:46 - [MESSAGE][INFO] - HAR: /Users/bobbysaputra/git/katalon-raqn-demo/Reports/20230223_114330/ABC - Verify links/20230223_114330/requests/main/0.har

2023-02-23 11:43:46 - [MESSAGE][PASSED] - Send request successfully

2023-02-23 11:43:46 - [MESSAGE][INFO] - HAR: /Users/bobbysaputra/git/katalon-raqn-demo/Reports/20230223_114330/ABC - Verify links/20230223_114330/requests/main/1.har

2023-02-23 11:43:46 - [MESSAGE][PASSED] - Send request successfully

2023-02-23 11:43:46 - [MESSAGE][INFO] - HAR: /Users/bobbysaputra/git/katalon-raqn-demo/Reports/20230223_114330/ABC - Verify links/20230223_114330/requests/main/2.har

2023-02-23 11:43:46 - [MESSAGE][PASSED] - Send request successfully

2023-02-23 11:43:46 - [MESSAGE][INFO] - HAR: /Users/bobbysaputra/git/katalon-raqn-demo/Reports/20230223_114330/ABC - Verify links/20230223_114330/requests/main/3.har

2023-02-23 11:43:46 - [MESSAGE][PASSED] - Send request successfully

2023-02-23 11:43:46 - [MESSAGE][INFO] - HAR: /Users/bobbysaputra/git/katalon-raqn-demo/Reports/20230223_114330/ABC - Verify links/20230223_114330/requests/main/4.har

2023-02-23 11:43:46 - [MESSAGE][PASSED] - Send request successfully

2023-02-23 11:43:47 - [MESSAGE][INFO] - HAR: /Users/bobbysaputra/git/katalon-raqn-demo/Reports/20230223_114330/ABC - Verify links/20230223_114330/requests/main/5.har

2023-02-23 11:43:47 - [MESSAGE][PASSED] - Send request successfully

2023-02-23 11:43:47 - [MESSAGE][INFO] - HAR: /Users/bobbysaputra/git/katalon-raqn-demo/Reports/20230223_114330/ABC - Verify links/20230223_114330/requests/main/6.har

2023-02-23 11:43:47 - [MESSAGE][PASSED] - Send request successfully

2023-02-23 11:43:47 - [MESSAGE][INFO] - HAR: /Users/bobbysaputra/git/katalon-raqn-demo/Reports/20230223_114330/ABC - Verify links/20230223_114330/requests/main/7.har

2023-02-23 11:43:47 - [MESSAGE][PASSED] - Send request successfully

2023-02-23 11:43:47 - [MESSAGE][INFO] - HAR: /Users/bobbysaputra/git/katalon-raqn-demo/Reports/20230223_114330/ABC - Verify links/20230223_114330/requests/main/8.har

2023-02-23 11:43:47 - [MESSAGE][PASSED] - Send request successfully

2023-02-23 11:43:48 - [MESSAGE][INFO] - HAR: /Users/bobbysaputra/git/katalon-raqn-demo/Reports/20230223_114330/ABC - Verify links/20230223_114330/requests/main/9.har

2023-02-23 11:43:48 - [MESSAGE][PASSED] - Send request successfully

2023-02-23 11:43:48 - [MESSAGE][INFO] - HAR: /Users/bobbysaputra/git/katalon-raqn-demo/Reports/20230223_114330/ABC - Verify links/20230223_114330/requests/main/10.har

2023-02-23 11:43:48 - [MESSAGE][PASSED] - Send request successfully

2023-02-23 11:43:48 - [MESSAGE][INFO] - HAR: /Users/bobbysaputra/git/katalon-raqn-demo/Reports/20230223_114330/ABC - Verify links/20230223_114330/requests/main/11.har

2023-02-23 11:43:48 - [MESSAGE][PASSED] - Send request successfully

2023-02-23 11:43:48 - [MESSAGE][INFO] - HAR: /Users/bobbysaputra/git/katalon-raqn-demo/Reports/20230223_114330/ABC - Verify links/20230223_114330/requests/main/12.har

2023-02-23 11:43:48 - [MESSAGE][PASSED] - Send request successfully

2023-02-23 11:43:48 - [MESSAGE][INFO] - HAR: /Users/bobbysaputra/git/katalon-raqn-demo/Reports/20230223_114330/ABC - Verify links/20230223_114330/requests/main/13.har

2023-02-23 11:43:48 - [MESSAGE][PASSED] - Send request successfully

2023-02-23 11:43:49 - [MESSAGE][INFO] - HAR: /Users/bobbysaputra/git/katalon-raqn-demo/Reports/20230223_114330/ABC - Verify links/20230223_114330/requests/main/14.har

2023-02-23 11:43:49 - [MESSAGE][PASSED] - Send request successfully

2023-02-23 11:43:49 - [MESSAGE][INFO] - HAR: /Users/bobbysaputra/git/katalon-raqn-demo/Reports/20230223_114330/ABC - Verify links/20230223_114330/requests/main/15.har

2023-02-23 11:43:49 - [MESSAGE][PASSED] - Send request successfully

2023-02-23 11:43:49 - [MESSAGE][INFO] - HAR: /Users/bobbysaputra/git/katalon-raqn-demo/Reports/20230223_114330/ABC - Verify links/20230223_114330/requests/main/16.har

2023-02-23 11:43:49 - [MESSAGE][PASSED] - Send request successfully

2023-02-23 11:43:49 - [MESSAGE][INFO] - HAR: /Users/bobbysaputra/git/katalon-raqn-demo/Reports/20230223_114330/ABC - Verify links/20230223_114330/requests/main/17.har

2023-02-23 11:43:49 - [MESSAGE][PASSED] - Send request successfully

2023-02-23 11:43:49 - [MESSAGE][INFO] - HAR: /Users/bobbysaputra/git/katalon-raqn-demo/Reports/20230223_114330/ABC - Verify links/20230223_114330/requests/main/18.har

2023-02-23 11:43:49 - [MESSAGE][PASSED] - Send request successfully

2023-02-23 11:43:50 - [MESSAGE][INFO] - HAR: /Users/bobbysaputra/git/katalon-raqn-demo/Reports/20230223_114330/ABC - Verify links/20230223_114330/requests/main/19.har

2023-02-23 11:43:50 - [MESSAGE][PASSED] - Send request successfully

2023-02-23 11:43:50 - [MESSAGE][INFO] - HAR: /Users/bobbysaputra/git/katalon-raqn-demo/Reports/20230223_114330/ABC - Verify links/20230223_114330/requests/main/20.har

2023-02-23 11:43:50 - [MESSAGE][PASSED] - Send request successfully

2023-02-23 11:43:50 - [MESSAGE][INFO] - HAR: /Users/bobbysaputra/git/katalon-raqn-demo/Reports/20230223_114330/ABC - Verify links/20230223_114330/requests/main/21.har

2023-02-23 11:43:50 - [MESSAGE][PASSED] - Send request successfully

2023-02-23 11:43:50 - [MESSAGE][INFO] - HAR: /Users/bobbysaputra/git/katalon-raqn-demo/Reports/20230223_114330/ABC - Verify links/20230223_114330/requests/main/22.har

2023-02-23 11:43:50 - [MESSAGE][PASSED] - Send request successfully

2023-02-23 11:43:50 - [MESSAGE][INFO] - HAR: /Users/bobbysaputra/git/katalon-raqn-demo/Reports/20230223_114330/ABC - Verify links/20230223_114330/requests/main/23.har

2023-02-23 11:43:50 - [MESSAGE][PASSED] - Send request successfully

2023-02-23 11:43:51 - [MESSAGE][INFO] - HAR: /Users/bobbysaputra/git/katalon-raqn-demo/Reports/20230223_114330/ABC - Verify links/20230223_114330/requests/main/24.har

2023-02-23 11:43:51 - [MESSAGE][PASSED] - Send request successfully

2023-02-23 11:43:51 - [MESSAGE][INFO] - HAR: /Users/bobbysaputra/git/katalon-raqn-demo/Reports/20230223_114330/ABC - Verify links/20230223_114330/requests/main/25.har

2023-02-23 11:43:51 - [MESSAGE][PASSED] - Send request successfully

2023-02-23 11:43:51 - [MESSAGE][INFO] - HAR: /Users/bobbysaputra/git/katalon-raqn-demo/Reports/20230223_114330/ABC - Verify links/20230223_114330/requests/main/26.har

2023-02-23 11:43:51 - [MESSAGE][PASSED] - Send request successfully

2023-02-23 11:43:52 - [MESSAGE][INFO] - HAR: /Users/bobbysaputra/git/katalon-raqn-demo/Reports/20230223_114330/ABC - Verify links/20230223_114330/requests/main/27.har

2023-02-23 11:43:52 - [MESSAGE][PASSED] - Send request successfully

2023-02-23 11:43:52 - [MESSAGE][INFO] - HAR: /Users/bobbysaputra/git/katalon-raqn-demo/Reports/20230223_114330/ABC - Verify links/20230223_114330/requests/main/28.har

2023-02-23 11:43:52 - [MESSAGE][PASSED] - Send request successfully

2023-02-23 11:43:52 - [MESSAGE][INFO] - HAR: /Users/bobbysaputra/git/katalon-raqn-demo/Reports/20230223_114330/ABC - Verify links/20230223_114330/requests/main/29.har

2023-02-23 11:43:52 - [MESSAGE][PASSED] - Send request successfully

2023-02-23 11:43:52 - [MESSAGE][INFO] - HAR: /Users/bobbysaputra/git/katalon-raqn-demo/Reports/20230223_114330/ABC - Verify links/20230223_114330/requests/main/30.har

2023-02-23 11:43:52 - [MESSAGE][PASSED] - Send request successfully

2023-02-23 11:43:53 - [MESSAGE][INFO] - HAR: /Users/bobbysaputra/git/katalon-raqn-demo/Reports/20230223_114330/ABC - Verify links/20230223_114330/requests/main/31.har

2023-02-23 11:43:53 - [MESSAGE][PASSED] - Send request successfully

2023-02-23 11:43:53 - [MESSAGE][INFO] - HAR: /Users/bobbysaputra/git/katalon-raqn-demo/Reports/20230223_114330/ABC - Verify links/20230223_114330/requests/main/32.har

2023-02-23 11:43:53 - [MESSAGE][PASSED] - Send request successfully

2023-02-23 11:43:53 - [MESSAGE][INFO] - HAR: /Users/bobbysaputra/git/katalon-raqn-demo/Reports/20230223_114330/ABC - Verify links/20230223_114330/requests/main/33.har

2023-02-23 11:43:53 - [MESSAGE][PASSED] - Send request successfully

2023-02-23 11:43:55 - [MESSAGE][INFO] - HAR: /Users/bobbysaputra/git/katalon-raqn-demo/Reports/20230223_114330/ABC - Verify links/20230223_114330/requests/main/34.har

2023-02-23 11:43:55 - [MESSAGE][PASSED] - Send request successfully

2023-02-23 11:43:55 - [MESSAGE][INFO] - HAR: /Users/bobbysaputra/git/katalon-raqn-demo/Reports/20230223_114330/ABC - Verify links/20230223_114330/requests/main/35.har

2023-02-23 11:43:55 - [MESSAGE][PASSED] - Send request successfully

2023-02-23 11:43:56 - [MESSAGE][INFO] - HAR: /Users/bobbysaputra/git/katalon-raqn-demo/Reports/20230223_114330/ABC - Verify links/20230223_114330/requests/main/36.har

2023-02-23 11:43:56 - [MESSAGE][PASSED] - Send request successfully

2023-02-23 11:43:58 - [MESSAGE][INFO] - HAR: /Users/bobbysaputra/git/katalon-raqn-demo/Reports/20230223_114330/ABC - Verify links/20230223_114330/requests/main/37.har

2023-02-23 11:43:58 - [MESSAGE][PASSED] - Send request successfully

2023-02-23 11:43:58 - [MESSAGE][INFO] - HAR: /Users/bobbysaputra/git/katalon-raqn-demo/Reports/20230223_114330/ABC - Verify links/20230223_114330/requests/main/38.har

2023-02-23 11:43:58 - [MESSAGE][PASSED] - Send request successfully

2023-02-23 11:43:58 - [MESSAGE][INFO] - HAR: /Users/bobbysaputra/git/katalon-raqn-demo/Reports/20230223_114330/ABC - Verify links/20230223_114330/requests/main/39.har

2023-02-23 11:43:58 - [MESSAGE][PASSED] - Send request successfully

2023-02-23 11:43:59 - [MESSAGE][INFO] - HAR: /Users/bobbysaputra/git/katalon-raqn-demo/Reports/20230223_114330/ABC - Verify links/20230223_114330/requests/main/40.har

2023-02-23 11:43:59 - [MESSAGE][PASSED] - Send request successfully

2023-02-23 11:43:59 - [MESSAGE][INFO] - HAR: /Users/bobbysaputra/git/katalon-raqn-demo/Reports/20230223_114330/ABC - Verify links/20230223_114330/requests/main/41.har

2023-02-23 11:43:59 - [MESSAGE][PASSED] - Send request successfully

2023-02-23 11:43:59 - [MESSAGE][INFO] - HAR: /Users/bobbysaputra/git/katalon-raqn-demo/Reports/20230223_114330/ABC - Verify links/20230223_114330/requests/main/42.har

2023-02-23 11:43:59 - [MESSAGE][PASSED] - Send request successfully

2023-02-23 11:44:00 - [MESSAGE][INFO] - HAR: /Users/bobbysaputra/git/katalon-raqn-demo/Reports/20230223_114330/ABC - Verify links/20230223_114330/requests/main/43.har

2023-02-23 11:44:00 - [MESSAGE][PASSED] - Send request successfully

2023-02-23 11:44:01 - [MESSAGE][INFO] - HAR: /Users/bobbysaputra/git/katalon-raqn-demo/Reports/20230223_114330/ABC - Verify links/20230223_114330/requests/main/44.har

2023-02-23 11:44:01 - [MESSAGE][PASSED] - Send request successfully

2023-02-23 11:44:02 - [MESSAGE][INFO] - HAR: /Users/bobbysaputra/git/katalon-raqn-demo/Reports/20230223_114330/ABC - Verify links/20230223_114330/requests/main/45.har

2023-02-23 11:44:02 - [MESSAGE][PASSED] - Send request successfully

2023-02-23 11:44:04 - [MESSAGE][INFO] - HAR: /Users/bobbysaputra/git/katalon-raqn-demo/Reports/20230223_114330/ABC - Verify links/20230223_114330/requests/main/46.har

2023-02-23 11:44:04 - [MESSAGE][PASSED] - Send request successfully

2023-02-23 11:44:05 - [MESSAGE][INFO] - HAR: /Users/bobbysaputra/git/katalon-raqn-demo/Reports/20230223_114330/ABC - Verify links/20230223_114330/requests/main/47.har

2023-02-23 11:44:05 - [MESSAGE][PASSED] - Send request successfully

2023-02-23 11:44:06 - [MESSAGE][INFO] - HAR: /Users/bobbysaputra/git/katalon-raqn-demo/Reports/20230223_114330/ABC - Verify links/20230223_114330/requests/main/48.har

2023-02-23 11:44:06 - [MESSAGE][PASSED] - Send request successfully

2023-02-23 11:44:06 - [MESSAGE][INFO] - HAR: /Users/bobbysaputra/git/katalon-raqn-demo/Reports/20230223_114330/ABC - Verify links/20230223_114330/requests/main/49.har

2023-02-23 11:44:06 - [MESSAGE][PASSED] - Send request successfully

2023-02-23 11:44:08 - [MESSAGE][INFO] - HAR: /Users/bobbysaputra/git/katalon-raqn-demo/Reports/20230223_114330/ABC - Verify links/20230223_114330/requests/main/50.har

2023-02-23 11:44:08 - [MESSAGE][PASSED] - Send request successfully

2023-02-23 11:44:08 - [MESSAGE][INFO] - HAR: /Users/bobbysaputra/git/katalon-raqn-demo/Reports/20230223_114330/ABC - Verify links/20230223_114330/requests/main/51.har

2023-02-23 11:44:08 - [MESSAGE][PASSED] - Send request successfully

2023-02-23 11:44:08 - [MESSAGE][INFO] - HAR: /Users/bobbysaputra/git/katalon-raqn-demo/Reports/20230223_114330/ABC - Verify links/20230223_114330/requests/main/52.har

2023-02-23 11:44:08 - [MESSAGE][PASSED] - Send request successfully

2023-02-23 11:44:09 - [MESSAGE][INFO] - HAR: /Users/bobbysaputra/git/katalon-raqn-demo/Reports/20230223_114330/ABC - Verify links/20230223_114330/requests/main/53.har

2023-02-23 11:44:09 - [MESSAGE][PASSED] - Send request successfully

2023-02-23 11:44:10 - [MESSAGE][INFO] - HAR: /Users/bobbysaputra/git/katalon-raqn-demo/Reports/20230223_114330/ABC - Verify links/20230223_114330/requests/main/54.har

2023-02-23 11:44:10 - [MESSAGE][PASSED] - Send request successfully

2023-02-23 11:44:10 - [MESSAGE][INFO] - HAR: /Users/bobbysaputra/git/katalon-raqn-demo/Reports/20230223_114330/ABC - Verify links/20230223_114330/requests/main/55.har

2023-02-23 11:44:10 - [MESSAGE][PASSED] - Send request successfully

2023-02-23 11:44:10 - [MESSAGE][INFO] - HAR: /Users/bobbysaputra/git/katalon-raqn-demo/Reports/20230223_114330/ABC - Verify links/20230223_114330/requests/main/56.har

2023-02-23 11:44:10 - [MESSAGE][PASSED] - Send request successfully

2023-02-23 11:44:10 - [MESSAGE][INFO] - HAR: /Users/bobbysaputra/git/katalon-raqn-demo/Reports/20230223_114330/ABC - Verify links/20230223_114330/requests/main/57.har

2023-02-23 11:44:10 - [MESSAGE][PASSED] - Send request successfully

2023-02-23 11:44:12 - [MESSAGE][INFO] - HAR: /Users/bobbysaputra/git/katalon-raqn-demo/Reports/20230223_114330/ABC - Verify links/20230223_114330/requests/main/58.har

2023-02-23 11:44:12 - [MESSAGE][PASSED] - Send request successfully

2023-02-23 11:44:13 - [MESSAGE][INFO] - HAR: /Users/bobbysaputra/git/katalon-raqn-demo/Reports/20230223_114330/ABC - Verify links/20230223_114330/requests/main/59.har

2023-02-23 11:44:13 - [MESSAGE][PASSED] - Send request successfully

2023-02-23 11:44:13 - [MESSAGE][INFO] - HAR: /Users/bobbysaputra/git/katalon-raqn-demo/Reports/20230223_114330/ABC - Verify links/20230223_114330/requests/main/60.har

2023-02-23 11:44:13 - [MESSAGE][PASSED] - Send request successfully

2023-02-23 11:44:13 - [MESSAGE][INFO] - HAR: /Users/bobbysaputra/git/katalon-raqn-demo/Reports/20230223_114330/ABC - Verify links/20230223_114330/requests/main/61.har

2023-02-23 11:44:13 - [MESSAGE][PASSED] - Send request successfully

2023-02-23 11:44:14 - [MESSAGE][INFO] - HAR: /Users/bobbysaputra/git/katalon-raqn-demo/Reports/20230223_114330/ABC - Verify links/20230223_114330/requests/main/62.har

2023-02-23 11:44:14 - [MESSAGE][PASSED] - Send request successfully

2023-02-23 11:44:14 - [MESSAGE][INFO] - HAR: /Users/bobbysaputra/git/katalon-raqn-demo/Reports/20230223_114330/ABC - Verify links/20230223_114330/requests/main/63.har

2023-02-23 11:44:14 - [MESSAGE][PASSED] - Send request successfully

2023-02-23 11:44:14 - [MESSAGE][INFO] - HAR: /Users/bobbysaputra/git/katalon-raqn-demo/Reports/20230223_114330/ABC - Verify links/20230223_114330/requests/main/64.har

2023-02-23 11:44:14 - [MESSAGE][PASSED] - Send request successfully

2023-02-23 11:44:14 - [MESSAGE][INFO] - HAR: /Users/bobbysaputra/git/katalon-raqn-demo/Reports/20230223_114330/ABC - Verify links/20230223_114330/requests/main/65.har

2023-02-23 11:44:14 - [MESSAGE][PASSED] - Send request successfully

2023-02-23 11:44:14 - [MESSAGE][INFO] - HAR: /Users/bobbysaputra/git/katalon-raqn-demo/Reports/20230223_114330/ABC - Verify links/20230223_114330/requests/main/66.har

2023-02-23 11:44:14 - [MESSAGE][PASSED] - Send request successfully

2023-02-23 11:44:14 - [MESSAGE][INFO] - HAR: /Users/bobbysaputra/git/katalon-raqn-demo/Reports/20230223_114330/ABC - Verify links/20230223_114330/requests/main/67.har

2023-02-23 11:44:14 - [MESSAGE][PASSED] - Send request successfully

2023-02-23 11:44:15 - [MESSAGE][INFO] - HAR: /Users/bobbysaputra/git/katalon-raqn-demo/Reports/20230223_114330/ABC - Verify links/20230223_114330/requests/main/68.har

2023-02-23 11:44:15 - [MESSAGE][PASSED] - Send request successfully

2023-02-23 11:44:15 - [MESSAGE][INFO] - HAR: /Users/bobbysaputra/git/katalon-raqn-demo/Reports/20230223_114330/ABC - Verify links/20230223_114330/requests/main/69.har

2023-02-23 11:44:15 - [MESSAGE][PASSED] - Send request successfully

2023-02-23 11:44:15 - [MESSAGE][INFO] - HAR: /Users/bobbysaputra/git/katalon-raqn-demo/Reports/20230223_114330/ABC - Verify links/20230223_114330/requests/main/70.har

2023-02-23 11:44:15 - [MESSAGE][PASSED] - Send request successfully

2023-02-23 11:44:15 - [MESSAGE][INFO] - HAR: /Users/bobbysaputra/git/katalon-raqn-demo/Reports/20230223_114330/ABC - Verify links/20230223_114330/requests/main/71.har

2023-02-23 11:44:15 - [MESSAGE][PASSED] - Send request successfully

2023-02-23 11:44:15 - [MESSAGE][INFO] - HAR: /Users/bobbysaputra/git/katalon-raqn-demo/Reports/20230223_114330/ABC - Verify links/20230223_114330/requests/main/72.har

2023-02-23 11:44:15 - [MESSAGE][PASSED] - Send request successfully

2023-02-23 11:44:16 - [MESSAGE][INFO] - HAR: /Users/bobbysaputra/git/katalon-raqn-demo/Reports/20230223_114330/ABC - Verify links/20230223_114330/requests/main/73.har

2023-02-23 11:44:16 - [MESSAGE][PASSED] - Send request successfully

2023-02-23 11:44:16 - [MESSAGE][INFO] - HAR: /Users/bobbysaputra/git/katalon-raqn-demo/Reports/20230223_114330/ABC - Verify links/20230223_114330/requests/main/74.har

2023-02-23 11:44:16 - [MESSAGE][PASSED] - Send request successfully

2023-02-23 11:44:16 - [MESSAGE][INFO] - HAR: /Users/bobbysaputra/git/katalon-raqn-demo/Reports/20230223_114330/ABC - Verify links/20230223_114330/requests/main/75.har

2023-02-23 11:44:16 - [MESSAGE][PASSED] - Send request successfully

2023-02-23 11:44:16 - [MESSAGE][INFO] - HAR: /Users/bobbysaputra/git/katalon-raqn-demo/Reports/20230223_114330/ABC - Verify links/20230223_114330/requests/main/76.har

2023-02-23 11:44:16 - [MESSAGE][PASSED] - Send request successfully

2023-02-23 11:44:16 - [MESSAGE][INFO] - HAR: /Users/bobbysaputra/git/katalon-raqn-demo/Reports/20230223_114330/ABC - Verify links/20230223_114330/requests/main/77.har

2023-02-23 11:44:16 - [MESSAGE][PASSED] - Send request successfully

2023-02-23 11:44:17 - [MESSAGE][INFO] - HAR: /Users/bobbysaputra/git/katalon-raqn-demo/Reports/20230223_114330/ABC - Verify links/20230223_114330/requests/main/78.har

2023-02-23 11:44:17 - [MESSAGE][PASSED] - Send request successfully

2023-02-23 11:44:17 - [MESSAGE][INFO] - HAR: /Users/bobbysaputra/git/katalon-raqn-demo/Reports/20230223_114330/ABC - Verify links/20230223_114330/requests/main/79.har

2023-02-23 11:44:17 - [MESSAGE][PASSED] - Send request successfully

2023-02-23 11:44:20 - [MESSAGE][INFO] - HAR: /Users/bobbysaputra/git/katalon-raqn-demo/Reports/20230223_114330/ABC - Verify links/20230223_114330/requests/main/80.har

2023-02-23 11:44:20 - [MESSAGE][PASSED] - Send request successfully

2023-02-23 11:44:20 - [MESSAGE][INFO] - HAR: /Users/bobbysaputra/git/katalon-raqn-demo/Reports/20230223_114330/ABC - Verify links/20230223_114330/requests/main/81.har

2023-02-23 11:44:20 - [MESSAGE][PASSED] - Send request successfully

2023-02-23 11:44:20 - [MESSAGE][INFO] - HAR: /Users/bobbysaputra/git/katalon-raqn-demo/Reports/20230223_114330/ABC - Verify links/20230223_114330/requests/main/82.har

2023-02-23 11:44:20 - [MESSAGE][PASSED] - Send request successfully

2023-02-23 11:44:20 - [MESSAGE][INFO] - HAR: /Users/bobbysaputra/git/katalon-raqn-demo/Reports/20230223_114330/ABC - Verify links/20230223_114330/requests/main/83.har

2023-02-23 11:44:20 - [MESSAGE][PASSED] - Send request successfully

2023-02-23 11:44:20 - [MESSAGE][INFO] - HAR: /Users/bobbysaputra/git/katalon-raqn-demo/Reports/20230223_114330/ABC - Verify links/20230223_114330/requests/main/84.har

2023-02-23 11:44:20 - [MESSAGE][PASSED] - Send request successfully

2023-02-23 11:44:21 - [MESSAGE][INFO] - HAR: /Users/bobbysaputra/git/katalon-raqn-demo/Reports/20230223_114330/ABC - Verify links/20230223_114330/requests/main/85.har

2023-02-23 11:44:21 - [MESSAGE][PASSED] - Send request successfully

2023-02-23 11:44:21 - [MESSAGE][INFO] - HAR: /Users/bobbysaputra/git/katalon-raqn-demo/Reports/20230223_114330/ABC - Verify links/20230223_114330/requests/main/86.har

2023-02-23 11:44:21 - [MESSAGE][PASSED] - Send request successfully

2023-02-23 11:44:22 - [MESSAGE][INFO] - HAR: /Users/bobbysaputra/git/katalon-raqn-demo/Reports/20230223_114330/ABC - Verify links/20230223_114330/requests/main/87.har

2023-02-23 11:44:22 - [MESSAGE][PASSED] - Send request successfully

2023-02-23 11:44:23 - [MESSAGE][INFO] - HAR: /Users/bobbysaputra/git/katalon-raqn-demo/Reports/20230223_114330/ABC - Verify links/20230223_114330/requests/main/88.har

2023-02-23 11:44:23 - [MESSAGE][PASSED] - Send request successfully

2023-02-23 11:44:25 - [MESSAGE][INFO] - HAR: /Users/bobbysaputra/git/katalon-raqn-demo/Reports/20230223_114330/ABC - Verify links/20230223_114330/requests/main/89.har

2023-02-23 11:44:25 - [MESSAGE][PASSED] - Send request successfully

2023-02-23 11:44:26 - [MESSAGE][INFO] - HAR: /Users/bobbysaputra/git/katalon-raqn-demo/Reports/20230223_114330/ABC - Verify links/20230223_114330/requests/main/90.har

2023-02-23 11:44:26 - [MESSAGE][PASSED] - Send request successfully

2023-02-23 11:44:27 - [MESSAGE][INFO] - HAR: /Users/bobbysaputra/git/katalon-raqn-demo/Reports/20230223_114330/ABC - Verify links/20230223_114330/requests/main/91.har

2023-02-23 11:44:27 - [MESSAGE][PASSED] - Send request successfully

2023-02-23 11:44:28 - [MESSAGE][INFO] - HAR: /Users/bobbysaputra/git/katalon-raqn-demo/Reports/20230223_114330/ABC - Verify links/20230223_114330/requests/main/92.har

2023-02-23 11:44:28 - [MESSAGE][PASSED] - Send request successfully

2023-02-23 11:44:28 - [MESSAGE][INFO] - HAR: /Users/bobbysaputra/git/katalon-raqn-demo/Reports/20230223_114330/ABC - Verify links/20230223_114330/requests/main/93.har

2023-02-23 11:44:28 - [MESSAGE][PASSED] - Send request successfully

2023-02-23 11:44:28 - [MESSAGE][INFO] - HAR: /Users/bobbysaputra/git/katalon-raqn-demo/Reports/20230223_114330/ABC - Verify links/20230223_114330/requests/main/94.har

2023-02-23 11:44:28 - [MESSAGE][PASSED] - Send request successfully

2023-02-23 11:44:28 - [MESSAGE][INFO] - HAR: /Users/bobbysaputra/git/katalon-raqn-demo/Reports/20230223_114330/ABC - Verify links/20230223_114330/requests/main/95.har

2023-02-23 11:44:28 - [MESSAGE][PASSED] - Send request successfully

2023-02-23 11:44:28 - [MESSAGE][INFO] - HAR: /Users/bobbysaputra/git/katalon-raqn-demo/Reports/20230223_114330/ABC - Verify links/20230223_114330/requests/main/96.har

2023-02-23 11:44:28 - [MESSAGE][PASSED] - Send request successfully

2023-02-23 11:44:29 - [MESSAGE][INFO] - HAR: /Users/bobbysaputra/git/katalon-raqn-demo/Reports/20230223_114330/ABC - Verify links/20230223_114330/requests/main/97.har

2023-02-23 11:44:29 - [MESSAGE][PASSED] - Send request successfully

2023-02-23 11:44:29 - [MESSAGE][INFO] - HAR: /Users/bobbysaputra/git/katalon-raqn-demo/Reports/20230223_114330/ABC - Verify links/20230223_114330/requests/main/98.har

2023-02-23 11:44:29 - [MESSAGE][PASSED] - Send request successfully

2023-02-23 11:44:29 - [MESSAGE][INFO] - HAR: /Users/bobbysaputra/git/katalon-raqn-demo/Reports/20230223_114330/ABC - Verify links/20230223_114330/requests/main/99.har

2023-02-23 11:44:29 - [MESSAGE][PASSED] - Send request successfully

2023-02-23 11:44:29 - [MESSAGE][INFO] - HAR: /Users/bobbysaputra/git/katalon-raqn-demo/Reports/20230223_114330/ABC - Verify links/20230223_114330/requests/main/100.har

2023-02-23 11:44:29 - [MESSAGE][PASSED] - Send request successfully

2023-02-23 11:44:29 - [MESSAGE][INFO] - HAR: /Users/bobbysaputra/git/katalon-raqn-demo/Reports/20230223_114330/ABC - Verify links/20230223_114330/requests/main/101.har

2023-02-23 11:44:29 - [MESSAGE][PASSED] - Send request successfully

2023-02-23 11:44:30 - [MESSAGE][INFO] - HAR: /Users/bobbysaputra/git/katalon-raqn-demo/Reports/20230223_114330/ABC - Verify links/20230223_114330/requests/main/102.har

2023-02-23 11:44:30 - [MESSAGE][PASSED] - Send request successfully

2023-02-23 11:44:30 - [MESSAGE][INFO] - HAR: /Users/bobbysaputra/git/katalon-raqn-demo/Reports/20230223_114330/ABC - Verify links/20230223_114330/requests/main/103.har

2023-02-23 11:44:30 - [MESSAGE][PASSED] - Send request successfully

2023-02-23 11:44:30 - [MESSAGE][INFO] - HAR: /Users/bobbysaputra/git/katalon-raqn-demo/Reports/20230223_114330/ABC - Verify links/20230223_114330/requests/main/104.har

2023-02-23 11:44:30 - [MESSAGE][PASSED] - Send request successfully

2023-02-23 11:44:30 - [MESSAGE][INFO] - HAR: /Users/bobbysaputra/git/katalon-raqn-demo/Reports/20230223_114330/ABC - Verify links/20230223_114330/requests/main/105.har

2023-02-23 11:44:30 - [MESSAGE][PASSED] - Send request successfully

2023-02-23 11:44:30 - [MESSAGE][INFO] - HAR: /Users/bobbysaputra/git/katalon-raqn-demo/Reports/20230223_114330/ABC - Verify links/20230223_114330/requests/main/106.har

2023-02-23 11:44:30 - [MESSAGE][PASSED] - Send request successfully

2023-02-23 11:44:31 - [MESSAGE][INFO] - HAR: /Users/bobbysaputra/git/katalon-raqn-demo/Reports/20230223_114330/ABC - Verify links/20230223_114330/requests/main/107.har

2023-02-23 11:44:31 - [MESSAGE][PASSED] - Send request successfully

2023-02-23 11:44:31 - [MESSAGE][INFO] - HAR: /Users/bobbysaputra/git/katalon-raqn-demo/Reports/20230223_114330/ABC - Verify links/20230223_114330/requests/main/108.har

2023-02-23 11:44:31 - [MESSAGE][PASSED] - Send request successfully

2023-02-23 11:44:31 - [MESSAGE][WARNING] - Found 1 inaccessible links [https://www.authenticbeautyconcept.pl/content/authentic-beauty-concept/pl/pl/home/cookies.html] (Root cause: com.kms.katalon.core.exception.StepFailedException: Found 1 inaccessible links [https://www.authenticbeautyconcept.pl/content/authentic-beauty-concept/pl/pl/home/cookies.html]
	at com.kms.katalon.core.webui.keyword.internal.WebUIKeywordMain.stepFailed(WebUIKeywordMain.groovy:64)
	at com.kms.katalon.core.webui.keyword.builtin.VerifyLinksAccessibleKeyword$_verifyLinksAccessible_closure1.doCall(VerifyLinksAccessibleKeyword.groovy:52)
	at com.kms.katalon.core.webui.keyword.builtin.VerifyLinksAccessibleKeyword$_verifyLinksAccessible_closure1.call(VerifyLinksAccessibleKeyword.groovy)
	at com.kms.katalon.core.webui.keyword.internal.WebUIKeywordMain.runKeyword(WebUIKeywordMain.groovy:20)
	at com.kms.katalon.core.webui.keyword.builtin.VerifyLinksAccessibleKeyword.verifyLinksAccessible(VerifyLinksAccessibleKeyword.groovy:37)
	at com.kms.katalon.core.webui.keyword.builtin.VerifyLinksAccessibleKeyword.execute(VerifyLinksAccessibleKeyword.groovy:32)
	at com.kms.katalon.core.keyword.internal.KeywordExecutor.executeKeywordForPlatform(KeywordExecutor.groovy:74)
	at com.kms.katalon.core.webui.keyword.WebUiBuiltInKeywords.verifyLinksAccessible(WebUiBuiltInKeywords.groovy:4795)
	at com.kms.katalon.core.webui.keyword.builtin.VerifyAllLinksOnCurrentPageAccessibleKeyword$_verifyAllLinksOnCurrentPageAccessible_closure1.doCall(VerifyAllLinksOnCurrentPageAccessibleKeyword.groovy:40)
	at com.kms.katalon.core.webui.keyword.builtin.VerifyAllLinksOnCurrentPageAccessibleKeyword$_verifyAllLinksOnCurrentPageAccessible_closure1.call(VerifyAllLinksOnCurrentPageAccessibleKeyword.groovy)
	at com.kms.katalon.core.webui.keyword.internal.WebUIKeywordMain.runKeyword(WebUIKeywordMain.groovy:20)
	at com.kms.katalon.core.webui.keyword.builtin.VerifyAllLinksOnCurrentPageAccessibleKeyword.verifyAllLinksOnCurrentPageAccessible(VerifyAllLinksOnCurrentPageAccessibleKeyword.groovy:48)
	at com.kms.katalon.core.webui.keyword.builtin.VerifyAllLinksOnCurrentPageAccessibleKeyword.execute(VerifyAllLinksOnCurrentPageAccessibleKeyword.groovy:32)
	at com.kms.katalon.core.keyword.internal.KeywordExecutor.executeKeywordForPlatform(KeywordExecutor.groovy:74)
	at com.kms.katalon.core.webui.keyword.WebUiBuiltInKeywords.verifyAllLinksOnCurrentPageAccessible(WebUiBuiltInKeywords.groovy:4840)
	at com.kms.katalon.core.webui.keyword.WebUiBuiltInKeywords$verifyAllLinksOnCurrentPageAccessible$1.call(Unknown Source)
	at Verify Accesible Links.run(Verify Accesible Links:27)
	at com.kms.katalon.core.main.ScriptEngine.run(ScriptEngine.java:194)
	at com.kms.katalon.core.main.ScriptEngine.runScriptAsRawText(ScriptEngine.java:119)
	at com.kms.katalon.core.main.TestCaseExecutor.runScript(TestCaseExecutor.java:448)
	at com.kms.katalon.core.main.TestCaseExecutor.doExecute(TestCaseExecutor.java:439)
	at com.kms.katalon.core.main.TestCaseExecutor.processExecutionPhase(TestCaseExecutor.java:418)
	at com.kms.katalon.core.main.TestCaseExecutor.accessMainPhase(TestCaseExecutor.java:410)
	at com.kms.katalon.core.main.TestCaseExecutor.execute(TestCaseExecutor.java:285)
	at com.kms.katalon.core.common.CommonExecutor.accessTestCaseMainPhase(CommonExecutor.java:65)
	at com.kms.katalon.core.main.TestSuiteExecutor.accessTestSuiteMainPhase(TestSuiteExecutor.java:151)
	at com.kms.katalon.core.main.TestSuiteExecutor.execute(TestSuiteExecutor.java:106)
	at com.kms.katalon.core.main.TestCaseMain.startTestSuite(TestCaseMain.java:185)
	at com.kms.katalon.core.main.TestCaseMain$startTestSuite$0.call(Unknown Source)
	at TempTestSuite1677149010678.run(TempTestSuite1677149010678.groovy:36)
)

2023-02-23 11:44:31 - [MESSAGE][FAILED] - Some of links on the current page are inaccessible (Root cause: com.kms.katalon.core.exception.StepFailedException: Some of links on the current page are inaccessible
	at com.kms.katalon.core.webui.keyword.internal.WebUIKeywordMain.stepFailed(WebUIKeywordMain.groovy:64)
	at com.kms.katalon.core.webui.keyword.builtin.VerifyAllLinksOnCurrentPageAccessibleKeyword$_verifyAllLinksOnCurrentPageAccessible_closure1.doCall(VerifyAllLinksOnCurrentPageAccessibleKeyword.groovy:45)
	at com.kms.katalon.core.webui.keyword.builtin.VerifyAllLinksOnCurrentPageAccessibleKeyword$_verifyAllLinksOnCurrentPageAccessible_closure1.call(VerifyAllLinksOnCurrentPageAccessibleKeyword.groovy)
	at com.kms.katalon.core.webui.keyword.internal.WebUIKeywordMain.runKeyword(WebUIKeywordMain.groovy:20)
	at com.kms.katalon.core.webui.keyword.builtin.VerifyAllLinksOnCurrentPageAccessibleKeyword.verifyAllLinksOnCurrentPageAccessible(VerifyAllLinksOnCurrentPageAccessibleKeyword.groovy:48)
	at com.kms.katalon.core.webui.keyword.builtin.VerifyAllLinksOnCurrentPageAccessibleKeyword.execute(VerifyAllLinksOnCurrentPageAccessibleKeyword.groovy:32)
	at com.kms.katalon.core.keyword.internal.KeywordExecutor.executeKeywordForPlatform(KeywordExecutor.groovy:74)
	at com.kms.katalon.core.webui.keyword.WebUiBuiltInKeywords.verifyAllLinksOnCurrentPageAccessible(WebUiBuiltInKeywords.groovy:4840)
	at com.kms.katalon.core.webui.keyword.WebUiBuiltInKeywords$verifyAllLinksOnCurrentPageAccessible$1.call(Unknown Source)
	at Verify Accesible Links.run(Verify Accesible Links:27)
	at com.kms.katalon.core.main.ScriptEngine.run(ScriptEngine.java:194)
	at com.kms.katalon.core.main.ScriptEngine.runScriptAsRawText(ScriptEngine.java:119)
	at com.kms.katalon.core.main.TestCaseExecutor.runScript(TestCaseExecutor.java:448)
	at com.kms.katalon.core.main.TestCaseExecutor.doExecute(TestCaseExecutor.java:439)
	at com.kms.katalon.core.main.TestCaseExecutor.processExecutionPhase(TestCaseExecutor.java:418)
	at com.kms.katalon.core.main.TestCaseExecutor.accessMainPhase(TestCaseExecutor.java:410)
	at com.kms.katalon.core.main.TestCaseExecutor.execute(TestCaseExecutor.java:285)
	at com.kms.katalon.core.common.CommonExecutor.accessTestCaseMainPhase(CommonExecutor.java:65)
	at com.kms.katalon.core.main.TestSuiteExecutor.accessTestSuiteMainPhase(TestSuiteExecutor.java:151)
	at com.kms.katalon.core.main.TestSuiteExecutor.execute(TestSuiteExecutor.java:106)
	at com.kms.katalon.core.main.TestCaseMain.startTestSuite(TestCaseMain.java:185)
	at com.kms.katalon.core.main.TestCaseMain$startTestSuite$0.call(Unknown Source)
	at TempTestSuite1677149010678.run(TempTestSuite1677149010678.groovy:36)
)

2023-02-23 11:44:31 - [MESSAGE][FAILED] - Unable to verify all links on the page 'https://www.authenticbeautyconcept.pl/salony/atelier-stylissimo.html' are accessible (Root cause: com.kms.katalon.core.exception.StepFailedException: Unable to verify all links on the page 'https://www.authenticbeautyconcept.pl/salony/atelier-stylissimo.html' are accessible
	at com.kms.katalon.core.webui.keyword.internal.WebUIKeywordMain.stepFailed(WebUIKeywordMain.groovy:64)
	at com.kms.katalon.core.webui.keyword.internal.WebUIKeywordMain.runKeyword(WebUIKeywordMain.groovy:26)
	at com.kms.katalon.core.webui.keyword.builtin.VerifyAllLinksOnCurrentPageAccessibleKeyword.verifyAllLinksOnCurrentPageAccessible(VerifyAllLinksOnCurrentPageAccessibleKeyword.groovy:48)
	at com.kms.katalon.core.webui.keyword.builtin.VerifyAllLinksOnCurrentPageAccessibleKeyword.execute(VerifyAllLinksOnCurrentPageAccessibleKeyword.groovy:32)
	at com.kms.katalon.core.keyword.internal.KeywordExecutor.executeKeywordForPlatform(KeywordExecutor.groovy:74)
	at com.kms.katalon.core.webui.keyword.WebUiBuiltInKeywords.verifyAllLinksOnCurrentPageAccessible(WebUiBuiltInKeywords.groovy:4840)
	at com.kms.katalon.core.webui.keyword.WebUiBuiltInKeywords$verifyAllLinksOnCurrentPageAccessible$1.call(Unknown Source)
	at Verify Accesible Links.run(Verify Accesible Links:27)
	at com.kms.katalon.core.main.ScriptEngine.run(ScriptEngine.java:194)
	at com.kms.katalon.core.main.ScriptEngine.runScriptAsRawText(ScriptEngine.java:119)
	at com.kms.katalon.core.main.TestCaseExecutor.runScript(TestCaseExecutor.java:448)
	at com.kms.katalon.core.main.TestCaseExecutor.doExecute(TestCaseExecutor.java:439)
	at com.kms.katalon.core.main.TestCaseExecutor.processExecutionPhase(TestCaseExecutor.java:418)
	at com.kms.katalon.core.main.TestCaseExecutor.accessMainPhase(TestCaseExecutor.java:410)
	at com.kms.katalon.core.main.TestCaseExecutor.execute(TestCaseExecutor.java:285)
	at com.kms.katalon.core.common.CommonExecutor.accessTestCaseMainPhase(CommonExecutor.java:65)
	at com.kms.katalon.core.main.TestSuiteExecutor.accessTestSuiteMainPhase(TestSuiteExecutor.java:151)
	at com.kms.katalon.core.main.TestSuiteExecutor.execute(TestSuiteExecutor.java:106)
	at com.kms.katalon.core.main.TestCaseMain.startTestSuite(TestCaseMain.java:185)
	at com.kms.katalon.core.main.TestCaseMain$startTestSuite$0.call(Unknown Source)
	at TempTestSuite1677149010678.run(TempTestSuite1677149010678.groovy:36)
Caused by: com.kms.katalon.core.exception.StepFailedException: Some of links on the current page are inaccessible
	at com.kms.katalon.core.webui.keyword.internal.WebUIKeywordMain.stepFailed(WebUIKeywordMain.groovy:64)
	at com.kms.katalon.core.webui.keyword.builtin.VerifyAllLinksOnCurrentPageAccessibleKeyword$_verifyAllLinksOnCurrentPageAccessible_closure1.doCall(VerifyAllLinksOnCurrentPageAccessibleKeyword.groovy:45)
	at com.kms.katalon.core.webui.keyword.builtin.VerifyAllLinksOnCurrentPageAccessibleKeyword$_verifyAllLinksOnCurrentPageAccessible_closure1.call(VerifyAllLinksOnCurrentPageAccessibleKeyword.groovy)
	at com.kms.katalon.core.webui.keyword.internal.WebUIKeywordMain.runKeyword(WebUIKeywordMain.groovy:20)
	... 19 more
)]]></system-out>
         <system-err><![CDATA[2023-02-23 11:43:36 - [TEST_CASE][FAILED] - Test Cases/ABC/Verify Accesible Links: Test Cases/ABC/Verify Accesible Links FAILED.
Reason:
com.kms.katalon.core.exception.StepFailedException: Unable to verify all links on the page 'https://www.authenticbeautyconcept.pl/salony/atelier-stylissimo.html' are accessible
	at com.kms.katalon.core.webui.keyword.internal.WebUIKeywordMain.stepFailed(WebUIKeywordMain.groovy:64)
	at com.kms.katalon.core.webui.keyword.internal.WebUIKeywordMain.runKeyword(WebUIKeywordMain.groovy:26)
	at com.kms.katalon.core.webui.keyword.builtin.VerifyAllLinksOnCurrentPageAccessibleKeyword.verifyAllLinksOnCurrentPageAccessible(VerifyAllLinksOnCurrentPageAccessibleKeyword.groovy:48)
	at com.kms.katalon.core.webui.keyword.builtin.VerifyAllLinksOnCurrentPageAccessibleKeyword.execute(VerifyAllLinksOnCurrentPageAccessibleKeyword.groovy:32)
	at com.kms.katalon.core.keyword.internal.KeywordExecutor.executeKeywordForPlatform(KeywordExecutor.groovy:74)
	at com.kms.katalon.core.webui.keyword.WebUiBuiltInKeywords.verifyAllLinksOnCurrentPageAccessible(WebUiBuiltInKeywords.groovy:4840)
	at com.kms.katalon.core.webui.keyword.WebUiBuiltInKeywords$verifyAllLinksOnCurrentPageAccessible$1.call(Unknown Source)
	at Verify Accesible Links.run(Verify Accesible Links:27)
	at com.kms.katalon.core.main.ScriptEngine.run(ScriptEngine.java:194)
	at com.kms.katalon.core.main.ScriptEngine.runScriptAsRawText(ScriptEngine.java:119)
	at com.kms.katalon.core.main.TestCaseExecutor.runScript(TestCaseExecutor.java:448)
	at com.kms.katalon.core.main.TestCaseExecutor.doExecute(TestCaseExecutor.java:439)
	at com.kms.katalon.core.main.TestCaseExecutor.processExecutionPhase(TestCaseExecutor.java:418)
	at com.kms.katalon.core.main.TestCaseExecutor.accessMainPhase(TestCaseExecutor.java:410)
	at com.kms.katalon.core.main.TestCaseExecutor.execute(TestCaseExecutor.java:285)
	at com.kms.katalon.core.common.CommonExecutor.accessTestCaseMainPhase(CommonExecutor.java:65)
	at com.kms.katalon.core.main.TestSuiteExecutor.accessTestSuiteMainPhase(TestSuiteExecutor.java:151)
	at com.kms.katalon.core.main.TestSuiteExecutor.execute(TestSuiteExecutor.java:106)
	at com.kms.katalon.core.main.TestCaseMain.startTestSuite(TestCaseMain.java:185)
	at com.kms.katalon.core.main.TestCaseMain$startTestSuite$0.call(Unknown Source)
	at TempTestSuite1677149010678.run(TempTestSuite1677149010678.groovy:36)
Caused by: com.kms.katalon.core.exception.StepFailedException: Some of links on the current page are inaccessible
	at com.kms.katalon.core.webui.keyword.internal.WebUIKeywordMain.stepFailed(WebUIKeywordMain.groovy:64)
	at com.kms.katalon.core.webui.keyword.builtin.VerifyAllLinksOnCurrentPageAccessibleKeyword$_verifyAllLinksOnCurrentPageAccessible_closure1.doCall(VerifyAllLinksOnCurrentPageAccessibleKeyword.groovy:45)
	at com.kms.katalon.core.webui.keyword.builtin.VerifyAllLinksOnCurrentPageAccessibleKeyword$_verifyAllLinksOnCurrentPageAccessible_closure1.call(VerifyAllLinksOnCurrentPageAccessibleKeyword.groovy)
	at com.kms.katalon.core.webui.keyword.internal.WebUIKeywordMain.runKeyword(WebUIKeywordMain.groovy:20)
	... 19 more]]></system-err>
      </testcase>
      <system-out><![CDATA[2023-02-23 11:43:36 - [TEST_SUITE][FAILED] - ABC - Verify links: Test Cases/ABC/Verify Accesible Links FAILED.
Reason:
com.kms.katalon.core.exception.StepFailedException: Unable to verify all links on the page 'https://www.authenticbeautyconcept.pl/salony/atelier-stylissimo.html' are accessible
	at com.kms.katalon.core.webui.keyword.internal.WebUIKeywordMain.stepFailed(WebUIKeywordMain.groovy:64)
	at com.kms.katalon.core.webui.keyword.internal.WebUIKeywordMain.runKeyword(WebUIKeywordMain.groovy:26)
	at com.kms.katalon.core.webui.keyword.builtin.VerifyAllLinksOnCurrentPageAccessibleKeyword.verifyAllLinksOnCurrentPageAccessible(VerifyAllLinksOnCurrentPageAccessibleKeyword.groovy:48)
	at com.kms.katalon.core.webui.keyword.builtin.VerifyAllLinksOnCurrentPageAccessibleKeyword.execute(VerifyAllLinksOnCurrentPageAccessibleKeyword.groovy:32)
	at com.kms.katalon.core.keyword.internal.KeywordExecutor.executeKeywordForPlatform(KeywordExecutor.groovy:74)
	at com.kms.katalon.core.webui.keyword.WebUiBuiltInKeywords.verifyAllLinksOnCurrentPageAccessible(WebUiBuiltInKeywords.groovy:4840)
	at com.kms.katalon.core.webui.keyword.WebUiBuiltInKeywords$verifyAllLinksOnCurrentPageAccessible$1.call(Unknown Source)
	at Verify Accesible Links.run(Verify Accesible Links:27)
	at com.kms.katalon.core.main.ScriptEngine.run(ScriptEngine.java:194)
	at com.kms.katalon.core.main.ScriptEngine.runScriptAsRawText(ScriptEngine.java:119)
	at com.kms.katalon.core.main.TestCaseExecutor.runScript(TestCaseExecutor.java:448)
	at com.kms.katalon.core.main.TestCaseExecutor.doExecute(TestCaseExecutor.java:439)
	at com.kms.katalon.core.main.TestCaseExecutor.processExecutionPhase(TestCaseExecutor.java:418)
	at com.kms.katalon.core.main.TestCaseExecutor.accessMainPhase(TestCaseExecutor.java:410)
	at com.kms.katalon.core.main.TestCaseExecutor.execute(TestCaseExecutor.java:285)
	at com.kms.katalon.core.common.CommonExecutor.accessTestCaseMainPhase(CommonExecutor.java:65)
	at com.kms.katalon.core.main.TestSuiteExecutor.accessTestSuiteMainPhase(TestSuiteExecutor.java:151)
	at com.kms.katalon.core.main.TestSuiteExecutor.execute(TestSuiteExecutor.java:106)
	at com.kms.katalon.core.main.TestCaseMain.startTestSuite(TestCaseMain.java:185)
	at com.kms.katalon.core.main.TestCaseMain$startTestSuite$0.call(Unknown Source)
	at TempTestSuite1677149010678.run(TempTestSuite1677149010678.groovy:36)
Caused by: com.kms.katalon.core.exception.StepFailedException: Some of links on the current page are inaccessible
	at com.kms.katalon.core.webui.keyword.internal.WebUIKeywordMain.stepFailed(WebUIKeywordMain.groovy:64)
	at com.kms.katalon.core.webui.keyword.builtin.VerifyAllLinksOnCurrentPageAccessibleKeyword$_verifyAllLinksOnCurrentPageAccessible_closure1.doCall(VerifyAllLinksOnCurrentPageAccessibleKeyword.groovy:45)
	at com.kms.katalon.core.webui.keyword.builtin.VerifyAllLinksOnCurrentPageAccessibleKeyword$_verifyAllLinksOnCurrentPageAccessible_closure1.call(VerifyAllLinksOnCurrentPageAccessibleKeyword.groovy)
	at com.kms.katalon.core.webui.keyword.internal.WebUIKeywordMain.runKeyword(WebUIKeywordMain.groovy:20)
	... 19 more]]></system-out>
      <system-err><![CDATA[2023-02-23 11:43:36 - [TEST_SUITE][FAILED] - ABC - Verify links: Test Cases/ABC/Verify Accesible Links FAILED.
Reason:
com.kms.katalon.core.exception.StepFailedException: Unable to verify all links on the page 'https://www.authenticbeautyconcept.pl/salony/atelier-stylissimo.html' are accessible
	at com.kms.katalon.core.webui.keyword.internal.WebUIKeywordMain.stepFailed(WebUIKeywordMain.groovy:64)
	at com.kms.katalon.core.webui.keyword.internal.WebUIKeywordMain.runKeyword(WebUIKeywordMain.groovy:26)
	at com.kms.katalon.core.webui.keyword.builtin.VerifyAllLinksOnCurrentPageAccessibleKeyword.verifyAllLinksOnCurrentPageAccessible(VerifyAllLinksOnCurrentPageAccessibleKeyword.groovy:48)
	at com.kms.katalon.core.webui.keyword.builtin.VerifyAllLinksOnCurrentPageAccessibleKeyword.execute(VerifyAllLinksOnCurrentPageAccessibleKeyword.groovy:32)
	at com.kms.katalon.core.keyword.internal.KeywordExecutor.executeKeywordForPlatform(KeywordExecutor.groovy:74)
	at com.kms.katalon.core.webui.keyword.WebUiBuiltInKeywords.verifyAllLinksOnCurrentPageAccessible(WebUiBuiltInKeywords.groovy:4840)
	at com.kms.katalon.core.webui.keyword.WebUiBuiltInKeywords$verifyAllLinksOnCurrentPageAccessible$1.call(Unknown Source)
	at Verify Accesible Links.run(Verify Accesible Links:27)
	at com.kms.katalon.core.main.ScriptEngine.run(ScriptEngine.java:194)
	at com.kms.katalon.core.main.ScriptEngine.runScriptAsRawText(ScriptEngine.java:119)
	at com.kms.katalon.core.main.TestCaseExecutor.runScript(TestCaseExecutor.java:448)
	at com.kms.katalon.core.main.TestCaseExecutor.doExecute(TestCaseExecutor.java:439)
	at com.kms.katalon.core.main.TestCaseExecutor.processExecutionPhase(TestCaseExecutor.java:418)
	at com.kms.katalon.core.main.TestCaseExecutor.accessMainPhase(TestCaseExecutor.java:410)
	at com.kms.katalon.core.main.TestCaseExecutor.execute(TestCaseExecutor.java:285)
	at com.kms.katalon.core.common.CommonExecutor.accessTestCaseMainPhase(CommonExecutor.java:65)
	at com.kms.katalon.core.main.TestSuiteExecutor.accessTestSuiteMainPhase(TestSuiteExecutor.java:151)
	at com.kms.katalon.core.main.TestSuiteExecutor.execute(TestSuiteExecutor.java:106)
	at com.kms.katalon.core.main.TestCaseMain.startTestSuite(TestCaseMain.java:185)
	at com.kms.katalon.core.main.TestCaseMain$startTestSuite$0.call(Unknown Source)
	at TempTestSuite1677149010678.run(TempTestSuite1677149010678.groovy:36)
Caused by: com.kms.katalon.core.exception.StepFailedException: Some of links on the current page are inaccessible
	at com.kms.katalon.core.webui.keyword.internal.WebUIKeywordMain.stepFailed(WebUIKeywordMain.groovy:64)
	at com.kms.katalon.core.webui.keyword.builtin.VerifyAllLinksOnCurrentPageAccessibleKeyword$_verifyAllLinksOnCurrentPageAccessible_closure1.doCall(VerifyAllLinksOnCurrentPageAccessibleKeyword.groovy:45)
	at com.kms.katalon.core.webui.keyword.builtin.VerifyAllLinksOnCurrentPageAccessibleKeyword$_verifyAllLinksOnCurrentPageAccessible_closure1.call(VerifyAllLinksOnCurrentPageAccessibleKeyword.groovy)
	at com.kms.katalon.core.webui.keyword.internal.WebUIKeywordMain.runKeyword(WebUIKeywordMain.groovy:20)
	... 19 more]]></system-err>
   </testsuite>
</testsuites>
