<?xml version="1.0" encoding="UTF-8"?>
<testsuites name="Adhesives_SKP login smoke test" time="470.246" tests="2" failures="0" errors="0">
   <testsuite name="Adhesives_SKP login smoke test" tests="2" failures="0" errors="0" time="470.246" skipped="0" timestamp="2023-01-16 11:49:12" hostname="bobbysaputra - mbp-bs-c02dn1fkmd6t.fritz.box" id="Test Suites/Adhesives_SKP login smoke test">
      <properties>
         <property name="deviceName" value=""/>
         <property name="devicePlatform" value=""/>
         <property name="logFolder" value="/Users/bobbysaputra/Desktop/katalon-raqn-demo/Reports/20230116_114905/Adhesives_SKP login smoke test/20230116_114906"/>
         <property name="logFiles" value="/Users/bobbysaputra/Desktop/katalon-raqn-demo/Reports/20230116_114905/Adhesives_SKP login smoke test/20230116_114906/execution0.log"/>
         <property name="attachments" value="/Users/bobbysaputra/Desktop/katalon-raqn-demo/Reports/20230116_114905/Adhesives_SKP login smoke test/20230116_114906/1673866476461.png"/>
         <property name="hostName" value="bobbysaputra - mbp-bs-c02dn1fkmd6t.fritz.box"/>
         <property name="os" value="Mac OS X 64bit"/>
         <property name="katalonVersion" value="8.5.5.208"/>
         <property name="browser" value="Chrome 107.0.0.0"/>
         <property name="hostAddress" value="192.168.178.192"/>
         <property name="sessionId" value="0d499d918ad9299f80dfaa9dad80d045"/>
         <property name="seleniumVersion" value="3.141.59"/>
         <property name="proxyInformation" value="ProxyInformation { proxyOption=NO_PROXY, proxyServerType=HTTP, username=, password=********, proxyServerAddress=, proxyServerPort=0, executionList=&quot;&quot;, isApplyToDesiredCapabilities=true }"/>
         <property name="platform" value="Mac OS X"/>
      </properties>
      <testcase name="Test Cases/E2E_Test_ADH/Login_Ref_ADH" time="26.369" classname="Test Cases/E2E_Test_ADH/Login_Ref_ADH" status="PASSED">
         <system-out><![CDATA[2023-01-16 11:49:27 - [TEST_CASE][PASSED] - Test Cases/E2E_Test_ADH/Login_Ref_ADH: Test Cases/E2E_Test_ADH/Login_Ref_ADH

2023-01-16 11:49:27 - [TEST_STEP][PASSED] - openBrowser(""): Browser is opened with url: ''

2023-01-16 11:49:27 - [MESSAGE][WARNING] - A browser is already opened. Closing browser and opening a new one

2023-01-16 11:49:27 - [MESSAGE][INFO] - Starting 'Chrome' driver

2023-01-16 11:49:27 - [MESSAGE][INFO] - Action delay is set to 0 milliseconds

2023-01-16 11:49:29 - [MESSAGE][PASSED] - Browser is opened with url: ''

2023-01-16 11:49:29 - [TEST_STEP][PASSED] - maximizeWindow(): Current window maximized

2023-01-16 11:49:29 - [MESSAGE][PASSED] - Current window maximized

2023-01-16 11:49:29 - [TEST_STEP][PASSED] - navigateToUrl("https://www-beta-henkel-adhesives-com.ref.web.raqn.io/us/en.html/please-log-me-in"): Navigate to 'https://www-beta-henkel-adhesives-com.ref.web.raqn.io/us/en.html/please-log-me-in' successfully

2023-01-16 11:49:32 - [MESSAGE][PASSED] - Navigate to 'https://www-beta-henkel-adhesives-com.ref.web.raqn.io/us/en.html/please-log-me-in' successfully

2023-01-16 11:49:32 - [TEST_STEP][PASSED] - verifyElementVisible(findTestObject("Page_Henkel Adhesive Technologies/Text_Cookies_Adhesive")): Object 'Object Repository/Page_Henkel Adhesive Technologies/Text_Cookies_Adhesive' is visible

2023-01-16 11:49:33 - [MESSAGE][PASSED] - Object 'Object Repository/Page_Henkel Adhesive Technologies/Text_Cookies_Adhesive' is visible

2023-01-16 11:49:33 - [TEST_STEP][PASSED] - click(findTestObject("Page_Henkel Adhesive Technologies/button_Accept All Cookies")): Object: 'Object Repository/Page_Henkel Adhesive Technologies/button_Accept All Cookies' is clicked on

2023-01-16 11:49:33 - [MESSAGE][PASSED] - Object: 'Object Repository/Page_Henkel Adhesive Technologies/button_Accept All Cookies' is clicked on

2023-01-16 11:49:33 - [TEST_STEP][PASSED] - mouseOver(findTestObject("Page_Henkel Adhesive Technologies/heliux-icon")): Object: 'Object Repository/Page_Henkel Adhesive Technologies/heliux-icon' is hovered

2023-01-16 11:49:35 - [MESSAGE][PASSED] - Object: 'Object Repository/Page_Henkel Adhesive Technologies/heliux-icon' is hovered

2023-01-16 11:49:35 - [TEST_STEP][PASSED] - click(findTestObject("Page_Henkel Adhesive Technologies/a_LOG IN")): Object: 'Object Repository/Page_Henkel Adhesive Technologies/a_LOG IN' is clicked on

2023-01-16 11:49:36 - [MESSAGE][PASSED] - Object: 'Object Repository/Page_Henkel Adhesive Technologies/a_LOG IN' is clicked on

2023-01-16 11:49:36 - [TEST_STEP][PASSED] - switchToWindowIndex(0): Switched to window with index: '0'

2023-01-16 11:49:36 - [MESSAGE][PASSED] - Switched to window with index: '0'

2023-01-16 11:49:36 - [TEST_STEP][PASSED] - delay(2): Delayed 2 second(s)

2023-01-16 11:49:38 - [MESSAGE][PASSED] - Delayed 2 second(s)

2023-01-16 11:49:38 - [TEST_STEP][PASSED] - switchToWindowIndex(1): Switched to window with index: '1'

2023-01-16 11:49:38 - [MESSAGE][PASSED] - Switched to window with index: '1'

2023-01-16 11:49:38 - [TEST_STEP][PASSED] - delay(2): Delayed 2 second(s)

2023-01-16 11:49:40 - [MESSAGE][PASSED] - Delayed 2 second(s)

2023-01-16 11:49:40 - [TEST_STEP][PASSED] - getWindowTitle(): Current window's title is: 'Program Now Login'

2023-01-16 11:49:40 - [MESSAGE][PASSED] - Current window's title is: 'Program Now Login'

2023-01-16 11:49:40 - [TEST_STEP][PASSED] - verifyElementVisible(findTestObject("Page_Program Now Login/h1_Welcome to Henkel"), STOP_ON_FAILURE): Object 'Object Repository/Page_Program Now Login/h1_Welcome to Henkel' is visible

2023-01-16 11:49:41 - [MESSAGE][PASSED] - Object 'Object Repository/Page_Program Now Login/h1_Welcome to Henkel' is visible

2023-01-16 11:49:41 - [TEST_STEP][PASSED] - setText(findTestObject("Page_Program Now Login/input_Email Address_Email Address"), "programnow-ah@10minmail.de "): Text 'programnow-ah@10minmail.de ' is set on object 'Object Repository/Page_Program Now Login/input_Email Address_Email Address'

2023-01-16 11:49:42 - [MESSAGE][PASSED] - Text 'programnow-ah@10minmail.de ' is set on object 'Object Repository/Page_Program Now Login/input_Email Address_Email Address'

2023-01-16 11:49:42 - [TEST_STEP][PASSED] - setText(findTestObject("Page_Program Now Login/input_Forgot your password_Password"), "Test12345"): Text 'Test12345' is set on object 'Object Repository/Page_Program Now Login/input_Forgot your password_Password'

2023-01-16 11:49:42 - [MESSAGE][PASSED] - Text 'Test12345' is set on object 'Object Repository/Page_Program Now Login/input_Forgot your password_Password'

2023-01-16 11:49:42 - [TEST_STEP][PASSED] - click(findTestObject("Page_Program Now Login/button_Sign in")): Object: 'Object Repository/Page_Program Now Login/button_Sign in' is clicked on

2023-01-16 11:49:43 - [MESSAGE][PASSED] - Object: 'Object Repository/Page_Program Now Login/button_Sign in' is clicked on

2023-01-16 11:49:43 - [TEST_STEP][PASSED] - getWindowTitle(): Current window's title is: 'Program Now Login'

2023-01-16 11:49:43 - [MESSAGE][PASSED] - Current window's title is: 'Program Now Login'

2023-01-16 11:49:43 - [TEST_STEP][PASSED] - switchToWindowIndex(0): Switched to window with index: '0'

2023-01-16 11:49:43 - [MESSAGE][PASSED] - Switched to window with index: '0'

2023-01-16 11:49:43 - [TEST_STEP][PASSED] - mouseOver(findTestObject("Page_Henkel Adhesive Technologies/heliux-icon")): Object: 'Object Repository/Page_Henkel Adhesive Technologies/heliux-icon' is hovered

2023-01-16 11:49:44 - [MESSAGE][PASSED] - Object: 'Object Repository/Page_Henkel Adhesive Technologies/heliux-icon' is hovered

2023-01-16 11:49:44 - [TEST_STEP][PASSED] - verifyElementText(findTestObject("Page_Henkel Adhesive Technologies/h1_Hello Testing Account2"), "Hello Testing Account2!"): Actual text and expected text of test object 'Object Repository/Page_Henkel Adhesive Technologies/h1_Hello Testing Account2' are matched.

2023-01-16 11:49:51 - [MESSAGE][PASSED] - Actual text and expected text of test object 'Object Repository/Page_Henkel Adhesive Technologies/h1_Hello Testing Account2' are matched.

2023-01-16 11:49:51 - [TEST_STEP][PASSED] - verifyElementClickable(findTestObject("Page_Henkel Adhesive Technologies/a_My profile")): Object 'Object Repository/Page_Henkel Adhesive Technologies/a_My profile' is clickable

2023-01-16 11:49:52 - [MESSAGE][PASSED] - Object 'Object Repository/Page_Henkel Adhesive Technologies/a_My profile' is clickable

2023-01-16 11:49:52 - [TEST_STEP][PASSED] - verifyElementClickable(findTestObject("Page_Henkel Adhesive Technologies/a_LOG OUT")): Object 'Object Repository/Page_Henkel Adhesive Technologies/a_LOG OUT' is clickable

2023-01-16 11:49:52 - [MESSAGE][PASSED] - Object 'Object Repository/Page_Henkel Adhesive Technologies/a_LOG OUT' is clickable

2023-01-16 11:49:52 - [TEST_STEP][PASSED] - click(findTestObject("Page_Henkel Adhesive Technologies/a_LOG OUT")): Object: 'Object Repository/Page_Henkel Adhesive Technologies/a_LOG OUT' is clicked on

2023-01-16 11:49:53 - [MESSAGE][PASSED] - Object: 'Object Repository/Page_Henkel Adhesive Technologies/a_LOG OUT' is clicked on

2023-01-16 11:49:53 - [TEST_STEP][PASSED] - getWindowTitle(): Current window's title is: 'Henkel Adhesive Technologies'

2023-01-16 11:49:53 - [MESSAGE][PASSED] - Current window's title is: 'Henkel Adhesive Technologies'

2023-01-16 11:49:53 - [TEST_STEP][PASSED] - closeBrowser(): Browser is closed

2023-01-16 11:49:53 - [MESSAGE][PASSED] - Browser is closed]]></system-out>
         <system-err><![CDATA[]]></system-err>
      </testcase>
      <testcase name="Test Cases/E2E_Test_SKP/Login_Ref_SKP" time="145.887" classname="Test Cases/E2E_Test_SKP/Login_Ref_SKP" status="PASSED">
         <system-out><![CDATA[2023-01-16 11:54:36 - [TEST_CASE][PASSED] - Test Cases/E2E_Test_SKP/Login_Ref_SKP: Test Cases/E2E_Test_SKP/Login_Ref_SKP

2023-01-16 11:54:36 - [TEST_STEP][PASSED] - openBrowser(""): Browser is opened with url: ''

2023-01-16 11:54:36 - [MESSAGE][WARNING] - A browser is already opened. Closing browser and opening a new one

2023-01-16 11:54:37 - [MESSAGE][INFO] - Starting 'Chrome' driver

2023-01-16 11:54:37 - [MESSAGE][INFO] - Action delay is set to 0 milliseconds

2023-01-16 11:54:38 - [MESSAGE][PASSED] - Browser is opened with url: ''

2023-01-16 11:54:38 - [TEST_STEP][PASSED] - maximizeWindow(): Current window maximized

2023-01-16 11:54:38 - [MESSAGE][PASSED] - Current window maximized

2023-01-16 11:54:38 - [TEST_STEP][PASSED] - navigateToUrl("https://eacademy-schwarzkopf-professional-com.ref.web.raqn.io/fr/fr/bienvenue.html/please-log-me-in"): Navigate to 'https://eacademy-schwarzkopf-professional-com.ref.web.raqn.io/fr/fr/bienvenue.html/please-log-me-in' successfully

2023-01-16 11:54:42 - [MESSAGE][PASSED] - Navigate to 'https://eacademy-schwarzkopf-professional-com.ref.web.raqn.io/fr/fr/bienvenue.html/please-log-me-in' successfully

2023-01-16 11:54:42 - [TEST_STEP][PASSED] - verifyElementVisible(findTestObject("Page_Welcome/button_Autoriser tous les cookies")): Object 'Object Repository/Page_Welcome/button_Autoriser tous les cookies' is visible

2023-01-16 11:54:44 - [MESSAGE][PASSED] - Object 'Object Repository/Page_Welcome/button_Autoriser tous les cookies' is visible

2023-01-16 11:54:44 - [TEST_STEP][PASSED] - click(findTestObject("Page_Welcome/button_Autoriser tous les cookies")): Object: 'Object Repository/Page_Welcome/button_Autoriser tous les cookies' is clicked on

2023-01-16 11:55:16 - [MESSAGE][PASSED] - Object: 'Object Repository/Page_Welcome/button_Autoriser tous les cookies' is clicked on

2023-01-16 11:55:16 - [TEST_STEP][PASSED] - mouseOver(findTestObject("Page_Welcome/button__login__button login__button--login cta")): Object: 'Object Repository/Page_Welcome/button__login__button login__button--login cta' is hovered

2023-01-16 11:55:46 - [MESSAGE][PASSED] - Object: 'Object Repository/Page_Welcome/button__login__button login__button--login cta' is hovered

2023-01-16 11:55:46 - [TEST_STEP][PASSED] - click(findTestObject("Page_Welcome/a_CONNEXION")): Object: 'Object Repository/Page_Welcome/a_CONNEXION' is clicked on

2023-01-16 11:56:18 - [MESSAGE][PASSED] - Object: 'Object Repository/Page_Welcome/a_CONNEXION' is clicked on

2023-01-16 11:56:18 - [TEST_STEP][PASSED] - getWindowTitle(): Current window's title is: 'Login'

2023-01-16 11:56:18 - [MESSAGE][PASSED] - Current window's title is: 'Login'

2023-01-16 11:56:18 - [TEST_STEP][PASSED] - verifyElementVisible(findTestObject("Page_Login/div_BIENVENUE  NOUVEAU               Connectez-vous  votre compte                    E-mail                                                                    Mot de passe"), STOP_ON_FAILURE): Object 'Object Repository/Page_Login/div_BIENVENUE  NOUVEAU               Connectez-vous  votre compte                    E-mail                                                                    Mot de passe' is visible

2023-01-16 11:56:20 - [MESSAGE][PASSED] - Object 'Object Repository/Page_Login/div_BIENVENUE  NOUVEAU               Connectez-vous  votre compte                    E-mail                                                                    Mot de passe' is visible

2023-01-16 11:56:20 - [TEST_STEP][PASSED] - setText(findTestObject("Page_Login/input_E-mail_username"), "bobby.saputra@henkel.com"): Text 'bobby.saputra@henkel.com' is set on object 'Object Repository/Page_Login/input_E-mail_username'

2023-01-16 11:56:21 - [MESSAGE][PASSED] - Text 'bobby.saputra@henkel.com' is set on object 'Object Repository/Page_Login/input_E-mail_username'

2023-01-16 11:56:21 - [TEST_STEP][PASSED] - setText(findTestObject("Page_Login/input_Mot de passe_password"), "Test123!!!"): Text 'Test123!!!' is set on object 'Object Repository/Page_Login/input_Mot de passe_password'

2023-01-16 11:56:22 - [MESSAGE][PASSED] - Text 'Test123!!!' is set on object 'Object Repository/Page_Login/input_Mot de passe_password'

2023-01-16 11:56:22 - [TEST_STEP][PASSED] - click(findTestObject("Page_Login/input_Vous avez oubli votre mot de passe_gigya-input-submit")): Object: 'Object Repository/Page_Login/input_Vous avez oubli votre mot de passe_gigya-input-submit' is clicked on

2023-01-16 11:56:22 - [MESSAGE][PASSED] - Object: 'Object Repository/Page_Login/input_Vous avez oubli votre mot de passe_gigya-input-submit' is clicked on

2023-01-16 11:56:22 - [TEST_STEP][PASSED] - verifyElementPresent(findTestObject("Page_Login/h2_Login in progress Title FR"), 0): Object 'Object Repository/Page_Login/h2_Login in progress Title FR' is present

2023-01-16 11:56:22 - [MESSAGE][WARNING] - Timeout '0' is invalid. Using default page load timeout: '30'

2023-01-16 11:56:23 - [MESSAGE][PASSED] - Object 'Object Repository/Page_Login/h2_Login in progress Title FR' is present

2023-01-16 11:56:23 - [TEST_STEP][PASSED] - delay(5): Delayed 5 second(s)

2023-01-16 11:56:28 - [MESSAGE][PASSED] - Delayed 5 second(s)

2023-01-16 11:56:28 - [TEST_STEP][PASSED] - getWindowTitle(): Current window's title is: 'Login'

2023-01-16 11:56:28 - [MESSAGE][PASSED] - Current window's title is: 'Login'

2023-01-16 11:56:28 - [TEST_STEP][PASSED] - verifyElementVisible(findTestObject("Page_Accueil/a_ACCUEIL")): Object 'Object Repository/Page_Accueil/a_ACCUEIL' is visible

2023-01-16 11:56:29 - [MESSAGE][PASSED] - Object 'Object Repository/Page_Accueil/a_ACCUEIL' is visible

2023-01-16 11:56:29 - [TEST_STEP][PASSED] - verifyElementVisible(findTestObject("Page_Accueil/a_MON APPRENTISSAGE")): Object 'Object Repository/Page_Accueil/a_MON APPRENTISSAGE' is visible

2023-01-16 11:56:29 - [MESSAGE][PASSED] - Object 'Object Repository/Page_Accueil/a_MON APPRENTISSAGE' is visible

2023-01-16 11:56:29 - [TEST_STEP][PASSED] - verifyElementVisible(findTestObject("Page_Accueil/a_CATALOGUE")): Object 'Object Repository/Page_Accueil/a_CATALOGUE' is visible

2023-01-16 11:56:30 - [MESSAGE][PASSED] - Object 'Object Repository/Page_Accueil/a_CATALOGUE' is visible

2023-01-16 11:56:30 - [TEST_STEP][PASSED] - verifyElementVisible(findTestObject("Page_Accueil/h1_ASK EDUCATION")): Object 'Object Repository/Page_Accueil/h1_ASK EDUCATION' is visible

2023-01-16 11:56:38 - [MESSAGE][PASSED] - Object 'Object Repository/Page_Accueil/h1_ASK EDUCATION' is visible

2023-01-16 11:56:38 - [TEST_STEP][PASSED] - verifyElementVisible(findTestObject("Page_Accueil/h1_BIENVENUE SUR LA NOUVELLE eACADEMY")): Object 'Object Repository/Page_Accueil/h1_BIENVENUE SUR LA NOUVELLE eACADEMY' is visible

2023-01-16 11:56:38 - [MESSAGE][PASSED] - Object 'Object Repository/Page_Accueil/h1_BIENVENUE SUR LA NOUVELLE eACADEMY' is visible

2023-01-16 11:56:38 - [TEST_STEP][PASSED] - verifyElementClickable(findTestObject("Page_Accueil/a_QUAIMERIEZ-VOUS APPRENDRE")): Object 'Object Repository/Page_Accueil/a_QUAIMERIEZ-VOUS APPRENDRE' is clickable

2023-01-16 11:56:40 - [MESSAGE][PASSED] - Object 'Object Repository/Page_Accueil/a_QUAIMERIEZ-VOUS APPRENDRE' is clickable

2023-01-16 11:56:40 - [TEST_STEP][PASSED] - click(findTestObject("Page_Accueil/a_QUAIMERIEZ-VOUS APPRENDRE")): Object: 'Object Repository/Page_Accueil/a_QUAIMERIEZ-VOUS APPRENDRE' is clicked on

2023-01-16 11:56:55 - [MESSAGE][PASSED] - Object: 'Object Repository/Page_Accueil/a_QUAIMERIEZ-VOUS APPRENDRE' is clicked on

2023-01-16 11:56:55 - [TEST_STEP][PASSED] - getWindowTitle(): Current window's title is: 'Catalogue'

2023-01-16 11:56:55 - [MESSAGE][PASSED] - Current window's title is: 'Catalogue'

2023-01-16 11:56:55 - [TEST_STEP][PASSED] - verifyElementVisible(findTestObject("Page_Catalogue/h1_APPRENDRE ET PROGRESSER")): Object 'Object Repository/Page_Catalogue/h1_APPRENDRE ET PROGRESSER' is visible

2023-01-16 11:56:57 - [MESSAGE][PASSED] - Object 'Object Repository/Page_Catalogue/h1_APPRENDRE ET PROGRESSER' is visible

2023-01-16 11:56:57 - [TEST_STEP][PASSED] - mouseOver(findTestObject("Page_Catalogue/button_BS")): Object: 'Object Repository/Page_Catalogue/button_BS' is hovered

2023-01-16 11:56:58 - [MESSAGE][PASSED] - Object: 'Object Repository/Page_Catalogue/button_BS' is hovered

2023-01-16 11:56:58 - [TEST_STEP][PASSED] - verifyElementClickable(findTestObject("Page_Catalogue/button_SE DCONNECTER")): Object 'Object Repository/Page_Catalogue/button_SE DCONNECTER' is clickable

2023-01-16 11:56:58 - [MESSAGE][PASSED] - Object 'Object Repository/Page_Catalogue/button_SE DCONNECTER' is clickable

2023-01-16 11:56:58 - [TEST_STEP][PASSED] - click(findTestObject("Page_Catalogue/button_SE DCONNECTER")): Object: 'Object Repository/Page_Catalogue/button_SE DCONNECTER' is clicked on

2023-01-16 11:56:59 - [MESSAGE][PASSED] - Object: 'Object Repository/Page_Catalogue/button_SE DCONNECTER' is clicked on

2023-01-16 11:56:59 - [TEST_STEP][PASSED] - delay(3): Delayed 3 second(s)

2023-01-16 11:57:02 - [MESSAGE][PASSED] - Delayed 3 second(s)

2023-01-16 11:57:02 - [TEST_STEP][PASSED] - getWindowTitle(): Current window's title is: 'Catalogue'

2023-01-16 11:57:02 - [MESSAGE][PASSED] - Current window's title is: 'Catalogue'

2023-01-16 11:57:02 - [TEST_STEP][PASSED] - closeBrowser(): Browser is closed

2023-01-16 11:57:02 - [MESSAGE][PASSED] - Browser is closed]]></system-out>
         <system-err><![CDATA[]]></system-err>
      </testcase>
      <system-out><![CDATA[2023-01-16 11:49:12 - [TEST_SUITE][FAILED] - Adhesives_SKP login smoke test: Test Cases/E2E_Test_ADH/Login_Ref_ADH FAILED.
Reason:
com.kms.katalon.core.exception.StepFailedException: Unable to get the title of the current window
	at com.kms.katalon.core.webui.keyword.internal.WebUIKeywordMain.stepFailed(WebUIKeywordMain.groovy:64)
	at com.kms.katalon.core.webui.keyword.internal.WebUIKeywordMain.runKeyword(WebUIKeywordMain.groovy:26)
	at com.kms.katalon.core.webui.keyword.builtin.GetWindowTitleKeyword.getWindowTitle(GetWindowTitleKeyword.groovy:71)
	at com.kms.katalon.core.webui.keyword.builtin.GetWindowTitleKeyword.execute(GetWindowTitleKeyword.groovy:66)
	at com.kms.katalon.core.keyword.internal.KeywordExecutor.executeKeywordForPlatform(KeywordExecutor.groovy:74)
	at com.kms.katalon.core.webui.keyword.WebUiBuiltInKeywords.getWindowTitle(WebUiBuiltInKeywords.groovy:212)
	at com.kms.katalon.core.webui.keyword.WebUiBuiltInKeywords$getWindowTitle$6.call(Unknown Source)
	at Login_Ref_ADH.run(Login_Ref_ADH:42)
	at com.kms.katalon.core.main.ScriptEngine.run(ScriptEngine.java:194)
	at com.kms.katalon.core.main.ScriptEngine.runScriptAsRawText(ScriptEngine.java:119)
	at com.kms.katalon.core.main.TestCaseExecutor.runScript(TestCaseExecutor.java:448)
	at com.kms.katalon.core.main.TestCaseExecutor.doExecute(TestCaseExecutor.java:439)
	at com.kms.katalon.core.main.TestCaseExecutor.processExecutionPhase(TestCaseExecutor.java:418)
	at com.kms.katalon.core.main.TestCaseExecutor.accessMainPhase(TestCaseExecutor.java:410)
	at com.kms.katalon.core.main.TestCaseExecutor.execute(TestCaseExecutor.java:285)
	at com.kms.katalon.core.common.CommonExecutor.accessTestCaseMainPhase(CommonExecutor.java:65)
	at com.kms.katalon.core.main.TestSuiteExecutor.accessTestSuiteMainPhase(TestSuiteExecutor.java:151)
	at com.kms.katalon.core.main.TestSuiteExecutor.execute(TestSuiteExecutor.java:106)
	at com.kms.katalon.core.main.TestCaseMain.startTestSuite(TestCaseMain.java:185)
	at com.kms.katalon.core.main.TestCaseMain$startTestSuite$0.call(Unknown Source)
	at TempTestSuite1673866146908.run(TempTestSuite1673866146908.groovy:36)
Caused by: org.openqa.selenium.NoSuchWindowException: no such window: target window already closed
from unknown error: web view not found
  (Session info: chrome=107.0.5304.110)
Build info: version: '3.141.59', revision: 'e82be7d358', time: '2018-11-14T08:25:53'
System info: host: 'MBP-BS-C02DN1FKMD6T', ip: 'fe80:0:0:0:183e:4169:bf75:1d7f%en0', os.name: 'Mac OS X', os.arch: 'x86_64', os.version: '10.16', java.version: '1.8.0_275'
Driver info: com.kms.katalon.selenium.driver.CChromeDriver
Capabilities {acceptInsecureCerts: false, browserName: chrome, browserVersion: 107.0.5304.110, chrome: {chromedriverVersion: 107.0.5304.62 (1eec40d3a576..., userDataDir: /var/folders/r4/b057fbvx5j1...}, goog:chromeOptions: {debuggerAddress: localhost:57622}, javascriptEnabled: true, networkConnectionEnabled: false, pageLoadStrategy: normal, platform: MAC, platformName: MAC, proxy: Proxy(), setWindowRect: true, strictFileInteractability: false, timeouts: {implicit: 0, pageLoad: 300000, script: 30000}, unhandledPromptBehavior: dismiss and notify, webauthn:extension:credBlob: true, webauthn:extension:largeBlob: true, webauthn:virtualAuthenticators: true}
Session ID: ad96bca06252e2194545d53168c8658b
	at org.openqa.selenium.remote.http.W3CHttpResponseCodec.createException(W3CHttpResponseCodec.java:187)
	at org.openqa.selenium.remote.http.W3CHttpResponseCodec.decode(W3CHttpResponseCodec.java:122)
	at org.openqa.selenium.remote.http.W3CHttpResponseCodec.decode(W3CHttpResponseCodec.java:49)
	at org.openqa.selenium.remote.HttpCommandExecutor.execute(HttpCommandExecutor.java:158)
	at org.openqa.selenium.remote.service.DriverCommandExecutor.execute(DriverCommandExecutor.java:83)
	at org.openqa.selenium.remote.RemoteWebDriver.execute(RemoteWebDriver.java:552)
	at com.kms.katalon.selenium.driver.CChromeDriver.execute(CChromeDriver.java:19)
	at org.openqa.selenium.remote.RemoteWebDriver.execute(RemoteWebDriver.java:609)
	at org.openqa.selenium.remote.RemoteWebDriver.getTitle(RemoteWebDriver.java:281)
	at org.openqa.selenium.support.events.EventFiringWebDriver.lambda$new$1(EventFiringWebDriver.java:105)
	at com.sun.proxy.$Proxy10.getTitle(Unknown Source)
	at org.openqa.selenium.support.events.EventFiringWebDriver.getTitle(EventFiringWebDriver.java:176)
	at com.kms.katalon.core.webui.keyword.builtin.GetWindowTitleKeyword$_getWindowTitle_closure1.doCall(GetWindowTitleKeyword.groovy:73)
	at com.kms.katalon.core.webui.keyword.builtin.GetWindowTitleKeyword$_getWindowTitle_closure1.call(GetWindowTitleKeyword.groovy)
	at com.kms.katalon.core.webui.keyword.internal.WebUIKeywordMain.runKeyword(WebUIKeywordMain.groovy:20)
	... 19 more]]></system-out>
      <system-err><![CDATA[2023-01-16 11:49:12 - [TEST_SUITE][FAILED] - Adhesives_SKP login smoke test: Test Cases/E2E_Test_ADH/Login_Ref_ADH FAILED.
Reason:
com.kms.katalon.core.exception.StepFailedException: Unable to get the title of the current window
	at com.kms.katalon.core.webui.keyword.internal.WebUIKeywordMain.stepFailed(WebUIKeywordMain.groovy:64)
	at com.kms.katalon.core.webui.keyword.internal.WebUIKeywordMain.runKeyword(WebUIKeywordMain.groovy:26)
	at com.kms.katalon.core.webui.keyword.builtin.GetWindowTitleKeyword.getWindowTitle(GetWindowTitleKeyword.groovy:71)
	at com.kms.katalon.core.webui.keyword.builtin.GetWindowTitleKeyword.execute(GetWindowTitleKeyword.groovy:66)
	at com.kms.katalon.core.keyword.internal.KeywordExecutor.executeKeywordForPlatform(KeywordExecutor.groovy:74)
	at com.kms.katalon.core.webui.keyword.WebUiBuiltInKeywords.getWindowTitle(WebUiBuiltInKeywords.groovy:212)
	at com.kms.katalon.core.webui.keyword.WebUiBuiltInKeywords$getWindowTitle$6.call(Unknown Source)
	at Login_Ref_ADH.run(Login_Ref_ADH:42)
	at com.kms.katalon.core.main.ScriptEngine.run(ScriptEngine.java:194)
	at com.kms.katalon.core.main.ScriptEngine.runScriptAsRawText(ScriptEngine.java:119)
	at com.kms.katalon.core.main.TestCaseExecutor.runScript(TestCaseExecutor.java:448)
	at com.kms.katalon.core.main.TestCaseExecutor.doExecute(TestCaseExecutor.java:439)
	at com.kms.katalon.core.main.TestCaseExecutor.processExecutionPhase(TestCaseExecutor.java:418)
	at com.kms.katalon.core.main.TestCaseExecutor.accessMainPhase(TestCaseExecutor.java:410)
	at com.kms.katalon.core.main.TestCaseExecutor.execute(TestCaseExecutor.java:285)
	at com.kms.katalon.core.common.CommonExecutor.accessTestCaseMainPhase(CommonExecutor.java:65)
	at com.kms.katalon.core.main.TestSuiteExecutor.accessTestSuiteMainPhase(TestSuiteExecutor.java:151)
	at com.kms.katalon.core.main.TestSuiteExecutor.execute(TestSuiteExecutor.java:106)
	at com.kms.katalon.core.main.TestCaseMain.startTestSuite(TestCaseMain.java:185)
	at com.kms.katalon.core.main.TestCaseMain$startTestSuite$0.call(Unknown Source)
	at TempTestSuite1673866146908.run(TempTestSuite1673866146908.groovy:36)
Caused by: org.openqa.selenium.NoSuchWindowException: no such window: target window already closed
from unknown error: web view not found
  (Session info: chrome=107.0.5304.110)
Build info: version: '3.141.59', revision: 'e82be7d358', time: '2018-11-14T08:25:53'
System info: host: 'MBP-BS-C02DN1FKMD6T', ip: 'fe80:0:0:0:183e:4169:bf75:1d7f%en0', os.name: 'Mac OS X', os.arch: 'x86_64', os.version: '10.16', java.version: '1.8.0_275'
Driver info: com.kms.katalon.selenium.driver.CChromeDriver
Capabilities {acceptInsecureCerts: false, browserName: chrome, browserVersion: 107.0.5304.110, chrome: {chromedriverVersion: 107.0.5304.62 (1eec40d3a576..., userDataDir: /var/folders/r4/b057fbvx5j1...}, goog:chromeOptions: {debuggerAddress: localhost:57622}, javascriptEnabled: true, networkConnectionEnabled: false, pageLoadStrategy: normal, platform: MAC, platformName: MAC, proxy: Proxy(), setWindowRect: true, strictFileInteractability: false, timeouts: {implicit: 0, pageLoad: 300000, script: 30000}, unhandledPromptBehavior: dismiss and notify, webauthn:extension:credBlob: true, webauthn:extension:largeBlob: true, webauthn:virtualAuthenticators: true}
Session ID: ad96bca06252e2194545d53168c8658b
	at org.openqa.selenium.remote.http.W3CHttpResponseCodec.createException(W3CHttpResponseCodec.java:187)
	at org.openqa.selenium.remote.http.W3CHttpResponseCodec.decode(W3CHttpResponseCodec.java:122)
	at org.openqa.selenium.remote.http.W3CHttpResponseCodec.decode(W3CHttpResponseCodec.java:49)
	at org.openqa.selenium.remote.HttpCommandExecutor.execute(HttpCommandExecutor.java:158)
	at org.openqa.selenium.remote.service.DriverCommandExecutor.execute(DriverCommandExecutor.java:83)
	at org.openqa.selenium.remote.RemoteWebDriver.execute(RemoteWebDriver.java:552)
	at com.kms.katalon.selenium.driver.CChromeDriver.execute(CChromeDriver.java:19)
	at org.openqa.selenium.remote.RemoteWebDriver.execute(RemoteWebDriver.java:609)
	at org.openqa.selenium.remote.RemoteWebDriver.getTitle(RemoteWebDriver.java:281)
	at org.openqa.selenium.support.events.EventFiringWebDriver.lambda$new$1(EventFiringWebDriver.java:105)
	at com.sun.proxy.$Proxy10.getTitle(Unknown Source)
	at org.openqa.selenium.support.events.EventFiringWebDriver.getTitle(EventFiringWebDriver.java:176)
	at com.kms.katalon.core.webui.keyword.builtin.GetWindowTitleKeyword$_getWindowTitle_closure1.doCall(GetWindowTitleKeyword.groovy:73)
	at com.kms.katalon.core.webui.keyword.builtin.GetWindowTitleKeyword$_getWindowTitle_closure1.call(GetWindowTitleKeyword.groovy)
	at com.kms.katalon.core.webui.keyword.internal.WebUIKeywordMain.runKeyword(WebUIKeywordMain.groovy:20)
	... 19 more]]></system-err>
   </testsuite>
</testsuites>
